{"/home/user/projetos/crm/back/config/pricing.js": {"path":"/home/user/projetos/crm/back/config/pricing.js","statementMap":{"0":{"start":{"line":14,"column":23},"end":{"line":23,"column":1}},"1":{"start":{"line":29,"column":31},"end":{"line":82,"column":1}},"2":{"start":{"line":85,"column":31},"end":{"line":99,"column":1}},"3":{"start":{"line":111,"column":2},"end":{"line":111,"column":null}},"4":{"start":{"line":111,"column":45},"end":{"line":111,"column":null}},"5":{"start":{"line":112,"column":2},"end":{"line":112,"column":null}},"6":{"start":{"line":121,"column":2},"end":{"line":121,"column":null}},"7":{"start":{"line":121,"column":45},"end":{"line":121,"column":null}},"8":{"start":{"line":122,"column":2},"end":{"line":122,"column":null}},"9":{"start":{"line":131,"column":2},"end":{"line":131,"column":null}},"10":{"start":{"line":131,"column":19},"end":{"line":131,"column":null}},"11":{"start":{"line":133,"column":21},"end":{"line":133,"column":69}},"12":{"start":{"line":134,"column":2},"end":{"line":134,"column":null}},"13":{"start":{"line":134,"column":19},"end":{"line":134,"column":null}},"14":{"start":{"line":136,"column":2},"end":{"line":136,"column":null}},"15":{"start":{"line":145,"column":18},"end":{"line":145,"column":47}},"16":{"start":{"line":147,"column":2},"end":{"line":149,"column":null}},"17":{"start":{"line":148,"column":4},"end":{"line":148,"column":null}},"18":{"start":{"line":152,"column":2},"end":{"line":154,"column":null}},"19":{"start":{"line":153,"column":4},"end":{"line":153,"column":null}},"20":{"start":{"line":156,"column":2},"end":{"line":156,"column":null}},"21":{"start":{"line":165,"column":18},"end":{"line":165,"column":47}},"22":{"start":{"line":167,"column":2},"end":{"line":169,"column":null}},"23":{"start":{"line":168,"column":4},"end":{"line":168,"column":null}},"24":{"start":{"line":171,"column":2},"end":{"line":173,"column":null}},"25":{"start":{"line":172,"column":4},"end":{"line":172,"column":null}},"26":{"start":{"line":175,"column":2},"end":{"line":175,"column":null}},"27":{"start":{"line":184,"column":18},"end":{"line":184,"column":47}},"28":{"start":{"line":186,"column":2},"end":{"line":188,"column":null}},"29":{"start":{"line":187,"column":4},"end":{"line":187,"column":null}},"30":{"start":{"line":190,"column":2},"end":{"line":190,"column":null}},"31":{"start":{"line":199,"column":18},"end":{"line":199,"column":47}},"32":{"start":{"line":201,"column":2},"end":{"line":201,"column":null}},"33":{"start":{"line":201,"column":39},"end":{"line":201,"column":null}},"34":{"start":{"line":203,"column":19},"end":{"line":203,"column":68}},"35":{"start":{"line":205,"column":2},"end":{"line":205,"column":null}},"36":{"start":{"line":219,"column":72},"end":{"line":219,"column":79}},"37":{"start":{"line":221,"column":18},"end":{"line":221,"column":47}},"38":{"start":{"line":222,"column":15},"end":{"line":222,"column":50}},"39":{"start":{"line":224,"column":17},"end":{"line":224,"column":19}},"40":{"start":{"line":227,"column":21},"end":{"line":234,"column":3}},"41":{"start":{"line":236,"column":21},"end":{"line":236,"column":84}},"42":{"start":{"line":237,"column":2},"end":{"line":237,"column":null}},"43":{"start":{"line":240,"column":2},"end":{"line":242,"column":null}},"44":{"start":{"line":241,"column":4},"end":{"line":241,"column":null}},"45":{"start":{"line":245,"column":2},"end":{"line":252,"column":null}},"46":{"start":{"line":246,"column":4},"end":{"line":246,"column":null}},"47":{"start":{"line":248,"column":4},"end":{"line":248,"column":null}},"48":{"start":{"line":249,"column":4},"end":{"line":251,"column":null}},"49":{"start":{"line":250,"column":6},"end":{"line":250,"column":null}},"50":{"start":{"line":255,"column":2},"end":{"line":255,"column":null}},"51":{"start":{"line":257,"column":2},"end":{"line":257,"column":null}},"52":{"start":{"line":265,"column":17},"end":{"line":265,"column":19}},"53":{"start":{"line":268,"column":28},"end":{"line":268,"column":56}},"54":{"start":{"line":269,"column":26},"end":{"line":269,"column":70}},"55":{"start":{"line":271,"column":2},"end":{"line":275,"column":null}},"56":{"start":{"line":272,"column":4},"end":{"line":274,"column":null}},"57":{"start":{"line":273,"column":6},"end":{"line":273,"column":null}},"58":{"start":{"line":278,"column":2},"end":{"line":285,"column":null}},"59":{"start":{"line":279,"column":4},"end":{"line":281,"column":null}},"60":{"start":{"line":280,"column":6},"end":{"line":280,"column":null}},"61":{"start":{"line":282,"column":4},"end":{"line":284,"column":null}},"62":{"start":{"line":283,"column":6},"end":{"line":283,"column":null}},"63":{"start":{"line":287,"column":2},"end":{"line":287,"column":null}},"64":{"start":{"line":295,"column":22},"end":{"line":315,"column":1}}},"fnMap":{"0":{"name":"formatPrice","decl":{"start":{"line":110,"column":16},"end":{"line":110,"column":27}},"loc":{"start":{"line":110,"column":35},"end":{"line":113,"column":null}},"line":110},"1":{"name":"formatPriceFull","decl":{"start":{"line":120,"column":16},"end":{"line":120,"column":31}},"loc":{"start":{"line":120,"column":39},"end":{"line":123,"column":null}},"line":120},"2":{"name":"getTherapyPricing","decl":{"start":{"line":130,"column":16},"end":{"line":130,"column":33}},"loc":{"start":{"line":130,"column":46},"end":{"line":137,"column":null}},"line":130},"3":{"name":"getPriceText","decl":{"start":{"line":144,"column":16},"end":{"line":144,"column":28}},"loc":{"start":{"line":144,"column":41},"end":{"line":157,"column":null}},"line":144},"4":{"name":"getInvestmentText","decl":{"start":{"line":164,"column":16},"end":{"line":164,"column":33}},"loc":{"start":{"line":164,"column":46},"end":{"line":176,"column":null}},"line":164},"5":{"name":"getPackageText","decl":{"start":{"line":183,"column":16},"end":{"line":183,"column":30}},"loc":{"start":{"line":183,"column":43},"end":{"line":191,"column":null}},"line":183},"6":{"name":"getPriceComparison","decl":{"start":{"line":198,"column":16},"end":{"line":198,"column":34}},"loc":{"start":{"line":198,"column":47},"end":{"line":206,"column":null}},"line":198},"7":{"name":"buildValueFirstResponse","decl":{"start":{"line":218,"column":16},"end":{"line":218,"column":39}},"loc":{"start":{"line":218,"column":66},"end":{"line":258,"column":null}},"line":218},"8":{"name":"validatePricing","decl":{"start":{"line":264,"column":16},"end":{"line":264,"column":31}},"loc":{"start":{"line":264,"column":34},"end":{"line":288,"column":null}},"line":264}},"branchMap":{"0":{"loc":{"start":{"line":111,"column":2},"end":{"line":111,"column":null}},"type":"if","locations":[{"start":{"line":111,"column":2},"end":{"line":111,"column":null}},{"start":{},"end":{}}],"line":111},"1":{"loc":{"start":{"line":111,"column":6},"end":{"line":111,"column":43}},"type":"binary-expr","locations":[{"start":{"line":111,"column":6},"end":{"line":111,"column":20}},{"start":{"line":111,"column":24},"end":{"line":111,"column":43}}],"line":111},"2":{"loc":{"start":{"line":121,"column":2},"end":{"line":121,"column":null}},"type":"if","locations":[{"start":{"line":121,"column":2},"end":{"line":121,"column":null}},{"start":{},"end":{}}],"line":121},"3":{"loc":{"start":{"line":121,"column":6},"end":{"line":121,"column":43}},"type":"binary-expr","locations":[{"start":{"line":121,"column":6},"end":{"line":121,"column":20}},{"start":{"line":121,"column":24},"end":{"line":121,"column":43}}],"line":121},"4":{"loc":{"start":{"line":131,"column":2},"end":{"line":131,"column":null}},"type":"if","locations":[{"start":{"line":131,"column":2},"end":{"line":131,"column":null}},{"start":{},"end":{}}],"line":131},"5":{"loc":{"start":{"line":134,"column":2},"end":{"line":134,"column":null}},"type":"if","locations":[{"start":{"line":134,"column":2},"end":{"line":134,"column":null}},{"start":{},"end":{}}],"line":134},"6":{"loc":{"start":{"line":136,"column":9},"end":{"line":136,"column":44}},"type":"binary-expr","locations":[{"start":{"line":136,"column":9},"end":{"line":136,"column":36}},{"start":{"line":136,"column":40},"end":{"line":136,"column":44}}],"line":136},"7":{"loc":{"start":{"line":147,"column":2},"end":{"line":149,"column":null}},"type":"if","locations":[{"start":{"line":147,"column":2},"end":{"line":149,"column":null}},{"start":{},"end":{}}],"line":147},"8":{"loc":{"start":{"line":152,"column":2},"end":{"line":154,"column":null}},"type":"if","locations":[{"start":{"line":152,"column":2},"end":{"line":154,"column":null}},{"start":{},"end":{}}],"line":152},"9":{"loc":{"start":{"line":153,"column":130},"end":{"line":153,"column":187}},"type":"cond-expr","locations":[{"start":{"line":153,"column":153},"end":{"line":153,"column":182}},{"start":{"line":153,"column":185},"end":{"line":153,"column":187}}],"line":153},"10":{"loc":{"start":{"line":167,"column":2},"end":{"line":169,"column":null}},"type":"if","locations":[{"start":{"line":167,"column":2},"end":{"line":169,"column":null}},{"start":{},"end":{}}],"line":167},"11":{"loc":{"start":{"line":171,"column":2},"end":{"line":173,"column":null}},"type":"if","locations":[{"start":{"line":171,"column":2},"end":{"line":173,"column":null}},{"start":{},"end":{}}],"line":171},"12":{"loc":{"start":{"line":172,"column":103},"end":{"line":172,"column":160}},"type":"cond-expr","locations":[{"start":{"line":172,"column":126},"end":{"line":172,"column":155}},{"start":{"line":172,"column":158},"end":{"line":172,"column":160}}],"line":172},"13":{"loc":{"start":{"line":186,"column":2},"end":{"line":188,"column":null}},"type":"if","locations":[{"start":{"line":186,"column":2},"end":{"line":188,"column":null}},{"start":{},"end":{}}],"line":186},"14":{"loc":{"start":{"line":186,"column":6},"end":{"line":186,"column":37}},"type":"binary-expr","locations":[{"start":{"line":186,"column":6},"end":{"line":186,"column":14}},{"start":{"line":186,"column":18},"end":{"line":186,"column":37}}],"line":186},"15":{"loc":{"start":{"line":201,"column":2},"end":{"line":201,"column":null}},"type":"if","locations":[{"start":{"line":201,"column":2},"end":{"line":201,"column":null}},{"start":{},"end":{}}],"line":201},"16":{"loc":{"start":{"line":201,"column":6},"end":{"line":201,"column":37}},"type":"binary-expr","locations":[{"start":{"line":201,"column":6},"end":{"line":201,"column":14}},{"start":{"line":201,"column":18},"end":{"line":201,"column":37}}],"line":201},"17":{"loc":{"start":{"line":218,"column":52},"end":{"line":218,"column":64}},"type":"default-arg","locations":[{"start":{"line":218,"column":62},"end":{"line":218,"column":64}}],"line":218},"18":{"loc":{"start":{"line":219,"column":10},"end":{"line":219,"column":25}},"type":"default-arg","locations":[{"start":{"line":219,"column":21},"end":{"line":219,"column":25}}],"line":219},"19":{"loc":{"start":{"line":219,"column":27},"end":{"line":219,"column":43}},"type":"default-arg","locations":[{"start":{"line":219,"column":39},"end":{"line":219,"column":43}}],"line":219},"20":{"loc":{"start":{"line":219,"column":45},"end":{"line":219,"column":67}},"type":"default-arg","locations":[{"start":{"line":219,"column":62},"end":{"line":219,"column":67}}],"line":219},"21":{"loc":{"start":{"line":222,"column":15},"end":{"line":222,"column":50}},"type":"binary-expr","locations":[{"start":{"line":222,"column":15},"end":{"line":222,"column":33}},{"start":{"line":222,"column":37},"end":{"line":222,"column":50}}],"line":222},"22":{"loc":{"start":{"line":236,"column":21},"end":{"line":236,"column":84}},"type":"binary-expr","locations":[{"start":{"line":236,"column":21},"end":{"line":236,"column":70}},{"start":{"line":236,"column":74},"end":{"line":236,"column":84}}],"line":236},"23":{"loc":{"start":{"line":237,"column":14},"end":{"line":237,"column":131}},"type":"binary-expr","locations":[{"start":{"line":237,"column":14},"end":{"line":237,"column":36}},{"start":{"line":237,"column":40},"end":{"line":237,"column":131}}],"line":237},"24":{"loc":{"start":{"line":240,"column":2},"end":{"line":242,"column":null}},"type":"if","locations":[{"start":{"line":240,"column":2},"end":{"line":242,"column":null}},{"start":{},"end":{}}],"line":240},"25":{"loc":{"start":{"line":240,"column":6},"end":{"line":240,"column":58}},"type":"binary-expr","locations":[{"start":{"line":240,"column":6},"end":{"line":240,"column":20}},{"start":{"line":240,"column":24},"end":{"line":240,"column":41}},{"start":{"line":240,"column":45},"end":{"line":240,"column":58}}],"line":240},"26":{"loc":{"start":{"line":245,"column":2},"end":{"line":252,"column":null}},"type":"if","locations":[{"start":{"line":245,"column":2},"end":{"line":252,"column":null}},{"start":{"line":247,"column":9},"end":{"line":252,"column":null}}],"line":245},"27":{"loc":{"start":{"line":246,"column":76},"end":{"line":246,"column":133}},"type":"cond-expr","locations":[{"start":{"line":246,"column":99},"end":{"line":246,"column":128}},{"start":{"line":246,"column":131},"end":{"line":246,"column":133}}],"line":246},"28":{"loc":{"start":{"line":249,"column":4},"end":{"line":251,"column":null}},"type":"if","locations":[{"start":{"line":249,"column":4},"end":{"line":251,"column":null}},{"start":{},"end":{}}],"line":249},"29":{"loc":{"start":{"line":272,"column":4},"end":{"line":274,"column":null}},"type":"if","locations":[{"start":{"line":272,"column":4},"end":{"line":274,"column":null}},{"start":{},"end":{}}],"line":272},"30":{"loc":{"start":{"line":279,"column":4},"end":{"line":281,"column":null}},"type":"if","locations":[{"start":{"line":279,"column":4},"end":{"line":281,"column":null}},{"start":{},"end":{}}],"line":279},"31":{"loc":{"start":{"line":282,"column":4},"end":{"line":284,"column":null}},"type":"if","locations":[{"start":{"line":282,"column":4},"end":{"line":284,"column":null}},{"start":{},"end":{}}],"line":282},"32":{"loc":{"start":{"line":282,"column":8},"end":{"line":282,"column":57}},"type":"binary-expr","locations":[{"start":{"line":282,"column":8},"end":{"line":282,"column":28}},{"start":{"line":282,"column":32},"end":{"line":282,"column":57}}],"line":282},"33":{"loc":{"start":{"line":287,"column":9},"end":{"line":287,"column":73}},"type":"cond-expr","locations":[{"start":{"line":287,"column":31},"end":{"line":287,"column":46}},{"start":{"line":287,"column":49},"end":{"line":287,"column":73}}],"line":287}},"s":{"0":1,"1":1,"2":1,"3":0,"4":0,"5":0,"6":4,"7":0,"8":4,"9":0,"10":0,"11":0,"12":0,"13":0,"14":0,"15":0,"16":0,"17":0,"18":0,"19":0,"20":0,"21":0,"22":0,"23":0,"24":0,"25":0,"26":0,"27":0,"28":0,"29":0,"30":0,"31":0,"32":0,"33":0,"34":0,"35":0,"36":0,"37":0,"38":0,"39":0,"40":0,"41":0,"42":0,"43":0,"44":0,"45":0,"46":0,"47":0,"48":0,"49":0,"50":0,"51":0,"52":0,"53":0,"54":0,"55":0,"56":0,"57":0,"58":0,"59":0,"60":0,"61":0,"62":0,"63":0,"64":1},"f":{"0":0,"1":4,"2":0,"3":0,"4":0,"5":0,"6":0,"7":0,"8":0},"b":{"0":[0,0],"1":[0,0],"2":[0,4],"3":[4,4],"4":[0,0],"5":[0,0],"6":[0,0],"7":[0,0],"8":[0,0],"9":[0,0],"10":[0,0],"11":[0,0],"12":[0,0],"13":[0,0],"14":[0,0],"15":[0,0],"16":[0,0],"17":[0],"18":[0],"19":[0],"20":[0],"21":[0,0],"22":[0,0],"23":[0,0],"24":[0,0],"25":[0,0,0],"26":[0,0],"27":[0,0],"28":[0,0],"29":[0,0],"30":[0,0],"31":[0,0],"32":[0,0],"33":[0,0]},"meta":{"lastBranch":34,"lastFunction":9,"lastStatement":65,"seen":{"s:14:23:23:1":0,"s:29:31:82:1":1,"s:85:31:99:1":2,"f:110:16:110:27":0,"b:111:2:111:Infinity:undefined:undefined:undefined:undefined":0,"s:111:2:111:Infinity":3,"b:111:6:111:20:111:24:111:43":1,"s:111:45:111:Infinity":4,"s:112:2:112:Infinity":5,"f:120:16:120:31":1,"b:121:2:121:Infinity:undefined:undefined:undefined:undefined":2,"s:121:2:121:Infinity":6,"b:121:6:121:20:121:24:121:43":3,"s:121:45:121:Infinity":7,"s:122:2:122:Infinity":8,"f:130:16:130:33":2,"b:131:2:131:Infinity:undefined:undefined:undefined:undefined":4,"s:131:2:131:Infinity":9,"s:131:19:131:Infinity":10,"s:133:21:133:69":11,"b:134:2:134:Infinity:undefined:undefined:undefined:undefined":5,"s:134:2:134:Infinity":12,"s:134:19:134:Infinity":13,"s:136:2:136:Infinity":14,"b:136:9:136:36:136:40:136:44":6,"f:144:16:144:28":3,"s:145:18:145:47":15,"b:147:2:149:Infinity:undefined:undefined:undefined:undefined":7,"s:147:2:149:Infinity":16,"s:148:4:148:Infinity":17,"b:152:2:154:Infinity:undefined:undefined:undefined:undefined":8,"s:152:2:154:Infinity":18,"s:153:4:153:Infinity":19,"b:153:153:153:182:153:185:153:187":9,"s:156:2:156:Infinity":20,"f:164:16:164:33":4,"s:165:18:165:47":21,"b:167:2:169:Infinity:undefined:undefined:undefined:undefined":10,"s:167:2:169:Infinity":22,"s:168:4:168:Infinity":23,"b:171:2:173:Infinity:undefined:undefined:undefined:undefined":11,"s:171:2:173:Infinity":24,"s:172:4:172:Infinity":25,"b:172:126:172:155:172:158:172:160":12,"s:175:2:175:Infinity":26,"f:183:16:183:30":5,"s:184:18:184:47":27,"b:186:2:188:Infinity:undefined:undefined:undefined:undefined":13,"s:186:2:188:Infinity":28,"b:186:6:186:14:186:18:186:37":14,"s:187:4:187:Infinity":29,"s:190:2:190:Infinity":30,"f:198:16:198:34":6,"s:199:18:199:47":31,"b:201:2:201:Infinity:undefined:undefined:undefined:undefined":15,"s:201:2:201:Infinity":32,"b:201:6:201:14:201:18:201:37":16,"s:201:39:201:Infinity":33,"s:203:19:203:68":34,"s:205:2:205:Infinity":35,"f:218:16:218:39":7,"b:218:62:218:64":17,"s:219:72:219:79":36,"b:219:21:219:25":18,"b:219:39:219:43":19,"b:219:62:219:67":20,"s:221:18:221:47":37,"s:222:15:222:50":38,"b:222:15:222:33:222:37:222:50":21,"s:224:17:224:19":39,"s:227:21:234:3":40,"s:236:21:236:84":41,"b:236:21:236:70:236:74:236:84":22,"s:237:2:237:Infinity":42,"b:237:14:237:36:237:40:237:131":23,"b:240:2:242:Infinity:undefined:undefined:undefined:undefined":24,"s:240:2:242:Infinity":43,"b:240:6:240:20:240:24:240:41:240:45:240:58":25,"s:241:4:241:Infinity":44,"b:245:2:252:Infinity:247:9:252:Infinity":26,"s:245:2:252:Infinity":45,"s:246:4:246:Infinity":46,"b:246:99:246:128:246:131:246:133":27,"s:248:4:248:Infinity":47,"b:249:4:251:Infinity:undefined:undefined:undefined:undefined":28,"s:249:4:251:Infinity":48,"s:250:6:250:Infinity":49,"s:255:2:255:Infinity":50,"s:257:2:257:Infinity":51,"f:264:16:264:31":8,"s:265:17:265:19":52,"s:268:28:268:56":53,"s:269:26:269:70":54,"s:271:2:275:Infinity":55,"b:272:4:274:Infinity:undefined:undefined:undefined:undefined":29,"s:272:4:274:Infinity":56,"s:273:6:273:Infinity":57,"s:278:2:285:Infinity":58,"b:279:4:281:Infinity:undefined:undefined:undefined:undefined":30,"s:279:4:281:Infinity":59,"s:280:6:280:Infinity":60,"b:282:4:284:Infinity:undefined:undefined:undefined:undefined":31,"s:282:4:284:Infinity":61,"b:282:8:282:28:282:32:282:57":32,"s:283:6:283:Infinity":62,"s:287:2:287:Infinity":63,"b:287:31:287:46:287:49:287:73":33,"s:295:22:315:1":64}}}
,"/home/user/projetos/crm/back/constants/appointmentStatus.js": {"path":"/home/user/projetos/crm/back/constants/appointmentStatus.js","statementMap":{"0":{"start":{"line":1,"column":49},"end":{"line":7,"column":1}}},"fnMap":{},"branchMap":{},"s":{"0":1},"f":{},"b":{},"meta":{"lastBranch":0,"lastFunction":0,"lastStatement":1,"seen":{"s:1:49:7:1":0}}}
,"/home/user/projetos/crm/back/models/Appointment.js": {"path":"/home/user/projetos/crm/back/models/Appointment.js","statementMap":{"0":{"start":{"line":7,"column":29},"end":{"line":17,"column":18}},"1":{"start":{"line":19,"column":26},"end":{"line":236,"column":2}},"2":{"start":{"line":171,"column":14},"end":{"line":171,"column":null}},"3":{"start":{"line":239,"column":0},"end":{"line":250,"column":null}},"4":{"start":{"line":251,"column":0},"end":{"line":251,"column":null}},"5":{"start":{"line":252,"column":0},"end":{"line":252,"column":null}},"6":{"start":{"line":253,"column":0},"end":{"line":253,"column":null}},"7":{"start":{"line":254,"column":0},"end":{"line":254,"column":null}},"8":{"start":{"line":255,"column":0},"end":{"line":255,"column":null}},"9":{"start":{"line":258,"column":0},"end":{"line":263,"column":null}},"10":{"start":{"line":259,"column":2},"end":{"line":259,"column":null}},"11":{"start":{"line":259,"column":18},"end":{"line":259,"column":null}},"12":{"start":{"line":260,"column":20},"end":{"line":260,"column":39}},"13":{"start":{"line":261,"column":16},"end":{"line":261,"column":26}},"14":{"start":{"line":262,"column":2},"end":{"line":262,"column":null}},"15":{"start":{"line":266,"column":0},"end":{"line":283,"column":null}},"16":{"start":{"line":268,"column":2},"end":{"line":281,"column":null}},"17":{"start":{"line":269,"column":17},"end":{"line":269,"column":35}},"18":{"start":{"line":270,"column":4},"end":{"line":274,"column":null}},"19":{"start":{"line":270,"column":25},"end":{"line":270,"column":48}},"20":{"start":{"line":271,"column":9},"end":{"line":274,"column":null}},"21":{"start":{"line":271,"column":23},"end":{"line":271,"column":null}},"22":{"start":{"line":272,"column":9},"end":{"line":274,"column":null}},"23":{"start":{"line":272,"column":24},"end":{"line":272,"column":null}},"24":{"start":{"line":273,"column":9},"end":{"line":274,"column":null}},"25":{"start":{"line":273,"column":24},"end":{"line":273,"column":null}},"26":{"start":{"line":274,"column":9},"end":{"line":274,"column":null}},"27":{"start":{"line":276,"column":4},"end":{"line":280,"column":null}},"28":{"start":{"line":277,"column":22},"end":{"line":277,"column":32}},"29":{"start":{"line":278,"column":6},"end":{"line":278,"column":null}},"30":{"start":{"line":279,"column":6},"end":{"line":279,"column":null}},"31":{"start":{"line":282,"column":2},"end":{"line":282,"column":null}},"32":{"start":{"line":285,"column":0},"end":{"line":289,"column":null}},"33":{"start":{"line":286,"column":2},"end":{"line":286,"column":null}},"34":{"start":{"line":287,"column":2},"end":{"line":287,"column":null}},"35":{"start":{"line":288,"column":2},"end":{"line":288,"column":null}},"36":{"start":{"line":292,"column":0},"end":{"line":295,"column":null}},"37":{"start":{"line":293,"column":2},"end":{"line":294,"column":null}},"38":{"start":{"line":293,"column":8},"end":{"line":293,"column":44}},"39":{"start":{"line":294,"column":18},"end":{"line":294,"column":91}},"40":{"start":{"line":297,"column":0},"end":{"line":302,"column":null}},"41":{"start":{"line":298,"column":2},"end":{"line":301,"column":null}},"42":{"start":{"line":299,"column":4},"end":{"line":300,"column":null}},"43":{"start":{"line":299,"column":10},"end":{"line":299,"column":46}},"44":{"start":{"line":300,"column":20},"end":{"line":300,"column":105}},"45":{"start":{"line":304,"column":0},"end":{"line":309,"column":null}},"46":{"start":{"line":305,"column":2},"end":{"line":308,"column":null}},"47":{"start":{"line":306,"column":4},"end":{"line":307,"column":null}},"48":{"start":{"line":306,"column":10},"end":{"line":306,"column":85}},"49":{"start":{"line":307,"column":20},"end":{"line":307,"column":95}},"50":{"start":{"line":311,"column":20},"end":{"line":311,"column":68}}},"fnMap":{"0":{"name":"(anonymous_0)","decl":{"start":{"line":171,"column":9},"end":{"line":171,"column":10}},"loc":{"start":{"line":171,"column":14},"end":{"line":171,"column":null}},"line":171},"1":{"name":"(anonymous_1)","decl":{"start":{"line":258,"column":47},"end":{"line":258,"column":55}},"loc":{"start":{"line":258,"column":59},"end":{"line":263,"column":1}},"line":258},"2":{"name":"(anonymous_2)","decl":{"start":{"line":266,"column":30},"end":{"line":266,"column":38}},"loc":{"start":{"line":266,"column":46},"end":{"line":283,"column":1}},"line":266},"3":{"name":"(anonymous_3)","decl":{"start":{"line":285,"column":42},"end":{"line":285,"column":50}},"loc":{"start":{"line":285,"column":58},"end":{"line":289,"column":1}},"line":285},"4":{"name":"(anonymous_4)","decl":{"start":{"line":292,"column":31},"end":{"line":292,"column":36}},"loc":{"start":{"line":292,"column":52},"end":{"line":295,"column":1}},"line":292},"5":{"name":"(anonymous_5)","decl":{"start":{"line":297,"column":43},"end":{"line":297,"column":48}},"loc":{"start":{"line":297,"column":64},"end":{"line":302,"column":1}},"line":297},"6":{"name":"(anonymous_6)","decl":{"start":{"line":304,"column":43},"end":{"line":304,"column":48}},"loc":{"start":{"line":304,"column":64},"end":{"line":309,"column":1}},"line":304}},"branchMap":{"0":{"loc":{"start":{"line":171,"column":14},"end":{"line":171,"column":null}},"type":"cond-expr","locations":[{"start":{"line":171,"column":38},"end":{"line":171,"column":53}},{"start":{"line":171,"column":56},"end":{"line":171,"column":null}}],"line":171},"1":{"loc":{"start":{"line":259,"column":2},"end":{"line":259,"column":null}},"type":"if","locations":[{"start":{"line":259,"column":2},"end":{"line":259,"column":null}},{"start":{},"end":{}}],"line":259},"2":{"loc":{"start":{"line":268,"column":2},"end":{"line":281,"column":null}},"type":"if","locations":[{"start":{"line":268,"column":2},"end":{"line":281,"column":null}},{"start":{},"end":{}}],"line":268},"3":{"loc":{"start":{"line":268,"column":6},"end":{"line":268,"column":90}},"type":"binary-expr","locations":[{"start":{"line":268,"column":6},"end":{"line":268,"column":47}},{"start":{"line":268,"column":52},"end":{"line":268,"column":75}},{"start":{"line":268,"column":79},"end":{"line":268,"column":89}}],"line":268},"4":{"loc":{"start":{"line":270,"column":4},"end":{"line":274,"column":null}},"type":"if","locations":[{"start":{"line":270,"column":4},"end":{"line":274,"column":null}},{"start":{"line":271,"column":9},"end":{"line":274,"column":null}}],"line":270},"5":{"loc":{"start":{"line":271,"column":9},"end":{"line":274,"column":null}},"type":"if","locations":[{"start":{"line":271,"column":9},"end":{"line":274,"column":null}},{"start":{"line":272,"column":9},"end":{"line":274,"column":null}}],"line":271},"6":{"loc":{"start":{"line":272,"column":9},"end":{"line":274,"column":null}},"type":"if","locations":[{"start":{"line":272,"column":9},"end":{"line":274,"column":null}},{"start":{"line":273,"column":9},"end":{"line":274,"column":null}}],"line":272},"7":{"loc":{"start":{"line":273,"column":9},"end":{"line":274,"column":null}},"type":"if","locations":[{"start":{"line":273,"column":9},"end":{"line":274,"column":null}},{"start":{"line":274,"column":9},"end":{"line":274,"column":null}}],"line":273},"8":{"loc":{"start":{"line":276,"column":4},"end":{"line":280,"column":null}},"type":"if","locations":[{"start":{"line":276,"column":4},"end":{"line":280,"column":null}},{"start":{},"end":{}}],"line":276},"9":{"loc":{"start":{"line":298,"column":2},"end":{"line":301,"column":null}},"type":"if","locations":[{"start":{"line":298,"column":2},"end":{"line":301,"column":null}},{"start":{},"end":{}}],"line":298},"10":{"loc":{"start":{"line":305,"column":2},"end":{"line":308,"column":null}},"type":"if","locations":[{"start":{"line":305,"column":2},"end":{"line":308,"column":null}},{"start":{},"end":{}}],"line":305}},"s":{"0":1,"1":1,"2":0,"3":1,"4":1,"5":1,"6":1,"7":1,"8":1,"9":1,"10":0,"11":0,"12":0,"13":0,"14":0,"15":1,"16":0,"17":0,"18":0,"19":0,"20":0,"21":0,"22":0,"23":0,"24":0,"25":0,"26":0,"27":0,"28":0,"29":0,"30":0,"31":0,"32":1,"33":0,"34":0,"35":0,"36":1,"37":0,"38":0,"39":0,"40":1,"41":0,"42":0,"43":0,"44":0,"45":1,"46":0,"47":0,"48":0,"49":0,"50":1},"f":{"0":0,"1":0,"2":0,"3":0,"4":0,"5":0,"6":0},"b":{"0":[0,0],"1":[0,0],"2":[0,0],"3":[0,0,0],"4":[0,0],"5":[0,0],"6":[0,0],"7":[0,0],"8":[0,0],"9":[0,0],"10":[0,0]},"meta":{"lastBranch":11,"lastFunction":7,"lastStatement":51,"seen":{"s:7:29:17:18":0,"s:19:26:236:2":1,"f:171:9:171:10":0,"s:171:14:171:Infinity":2,"b:171:38:171:53:171:56:171:Infinity":0,"s:239:0:250:Infinity":3,"s:251:0:251:Infinity":4,"s:252:0:252:Infinity":5,"s:253:0:253:Infinity":6,"s:254:0:254:Infinity":7,"s:255:0:255:Infinity":8,"s:258:0:263:Infinity":9,"f:258:47:258:55":1,"b:259:2:259:Infinity:undefined:undefined:undefined:undefined":1,"s:259:2:259:Infinity":10,"s:259:18:259:Infinity":11,"s:260:20:260:39":12,"s:261:16:261:26":13,"s:262:2:262:Infinity":14,"s:266:0:283:Infinity":15,"f:266:30:266:38":2,"b:268:2:281:Infinity:undefined:undefined:undefined:undefined":2,"s:268:2:281:Infinity":16,"b:268:6:268:47:268:52:268:75:268:79:268:89":3,"s:269:17:269:35":17,"b:270:4:274:Infinity:271:9:274:Infinity":4,"s:270:4:274:Infinity":18,"s:270:25:270:48":19,"b:271:9:274:Infinity:272:9:274:Infinity":5,"s:271:9:274:Infinity":20,"s:271:23:271:Infinity":21,"b:272:9:274:Infinity:273:9:274:Infinity":6,"s:272:9:274:Infinity":22,"s:272:24:272:Infinity":23,"b:273:9:274:Infinity:274:9:274:Infinity":7,"s:273:9:274:Infinity":24,"s:273:24:273:Infinity":25,"s:274:9:274:Infinity":26,"b:276:4:280:Infinity:undefined:undefined:undefined:undefined":8,"s:276:4:280:Infinity":27,"s:277:22:277:32":28,"s:278:6:278:Infinity":29,"s:279:6:279:Infinity":30,"s:282:2:282:Infinity":31,"s:285:0:289:Infinity":32,"f:285:42:285:50":3,"s:286:2:286:Infinity":33,"s:287:2:287:Infinity":34,"s:288:2:288:Infinity":35,"s:292:0:295:Infinity":36,"f:292:31:292:36":4,"s:293:2:294:Infinity":37,"s:293:8:293:44":38,"s:294:18:294:91":39,"s:297:0:302:Infinity":40,"f:297:43:297:48":5,"b:298:2:301:Infinity:undefined:undefined:undefined:undefined":9,"s:298:2:301:Infinity":41,"s:299:4:300:Infinity":42,"s:299:10:299:46":43,"s:300:20:300:105":44,"s:304:0:309:Infinity":45,"f:304:43:304:48":6,"b:305:2:308:Infinity:undefined:undefined:undefined:undefined":10,"s:305:2:308:Infinity":46,"s:306:4:307:Infinity":47,"s:306:10:306:85":48,"s:307:20:307:95":49,"s:311:20:311:68":50}}}
,"/home/user/projetos/crm/back/models/Doctor.js": {"path":"/home/user/projetos/crm/back/models/Doctor.js","statementMap":{"0":{"start":{"line":5,"column":28},"end":{"line":8,"column":18}},"1":{"start":{"line":10,"column":21},"end":{"line":69,"column":24}},"2":{"start":{"line":18,"column":15},"end":{"line":18,"column":39}},"3":{"start":{"line":72,"column":0},"end":{"line":74,"column":null}},"4":{"start":{"line":73,"column":2},"end":{"line":73,"column":null}},"5":{"start":{"line":77,"column":0},"end":{"line":82,"column":null}},"6":{"start":{"line":78,"column":21},"end":{"line":78,"column":59}},"7":{"start":{"line":79,"column":2},"end":{"line":79,"column":null}},"8":{"start":{"line":80,"column":2},"end":{"line":80,"column":null}},"9":{"start":{"line":81,"column":2},"end":{"line":81,"column":null}},"10":{"start":{"line":85,"column":0},"end":{"line":90,"column":null}},"11":{"start":{"line":86,"column":2},"end":{"line":86,"column":null}},"12":{"start":{"line":86,"column":54},"end":{"line":86,"column":null}},"13":{"start":{"line":87,"column":15},"end":{"line":87,"column":39}},"14":{"start":{"line":88,"column":2},"end":{"line":88,"column":null}},"15":{"start":{"line":89,"column":2},"end":{"line":89,"column":null}},"16":{"start":{"line":92,"column":15},"end":{"line":92,"column":53}}},"fnMap":{"0":{"name":"(anonymous_0)","decl":{"start":{"line":18,"column":9},"end":{"line":18,"column":10}},"loc":{"start":{"line":18,"column":15},"end":{"line":18,"column":39}},"line":18},"1":{"name":"(anonymous_1)","decl":{"start":{"line":72,"column":39},"end":{"line":72,"column":44}},"loc":{"start":{"line":72,"column":65},"end":{"line":74,"column":1}},"line":72},"2":{"name":"(anonymous_2)","decl":{"start":{"line":77,"column":48},"end":{"line":77,"column":56}},"loc":{"start":{"line":77,"column":60},"end":{"line":82,"column":1}},"line":77},"3":{"name":"(anonymous_3)","decl":{"start":{"line":85,"column":25},"end":{"line":85,"column":30}},"loc":{"start":{"line":85,"column":47},"end":{"line":90,"column":1}},"line":85}},"branchMap":{"0":{"loc":{"start":{"line":18,"column":15},"end":{"line":18,"column":39}},"type":"cond-expr","locations":[{"start":{"line":18,"column":26},"end":{"line":18,"column":35}},{"start":{"line":18,"column":38},"end":{"line":18,"column":39}}],"line":18},"1":{"loc":{"start":{"line":73,"column":34},"end":{"line":73,"column":53}},"type":"binary-expr","locations":[{"start":{"line":73,"column":34},"end":{"line":73,"column":47}},{"start":{"line":73,"column":51},"end":{"line":73,"column":53}}],"line":73},"2":{"loc":{"start":{"line":86,"column":2},"end":{"line":86,"column":null}},"type":"if","locations":[{"start":{"line":86,"column":2},"end":{"line":86,"column":null}},{"start":{},"end":{}}],"line":86},"3":{"loc":{"start":{"line":86,"column":6},"end":{"line":86,"column":52}},"type":"binary-expr","locations":[{"start":{"line":86,"column":6},"end":{"line":86,"column":34}},{"start":{"line":86,"column":38},"end":{"line":86,"column":52}}],"line":86}},"s":{"0":1,"1":1,"2":0,"3":1,"4":0,"5":1,"6":0,"7":0,"8":0,"9":0,"10":1,"11":0,"12":0,"13":0,"14":0,"15":0,"16":1},"f":{"0":0,"1":0,"2":0,"3":0},"b":{"0":[0,0],"1":[0,0],"2":[0,0],"3":[0,0]},"meta":{"lastBranch":4,"lastFunction":4,"lastStatement":17,"seen":{"s:5:28:8:18":0,"s:10:21:69:24":1,"f:18:9:18:10":0,"s:18:15:18:39":2,"b:18:26:18:35:18:38:18:39":0,"s:72:0:74:Infinity":3,"f:72:39:72:44":1,"s:73:2:73:Infinity":4,"b:73:34:73:47:73:51:73:53":1,"s:77:0:82:Infinity":5,"f:77:48:77:56":2,"s:78:21:78:59":6,"s:79:2:79:Infinity":7,"s:80:2:80:Infinity":8,"s:81:2:81:Infinity":9,"s:85:0:90:Infinity":10,"f:85:25:85:30":3,"b:86:2:86:Infinity:undefined:undefined:undefined:undefined":2,"s:86:2:86:Infinity":11,"b:86:6:86:34:86:38:86:52":3,"s:86:54:86:Infinity":12,"s:87:15:87:39":13,"s:88:2:88:Infinity":14,"s:89:2:89:Infinity":15,"s:92:15:92:53":16}}}
,"/home/user/projetos/crm/back/models/Expense.js": {"path":"/home/user/projetos/crm/back/models/Expense.js","statementMap":{"0":{"start":{"line":3,"column":22},"end":{"line":138,"column":2}},"1":{"start":{"line":141,"column":0},"end":{"line":141,"column":null}},"2":{"start":{"line":142,"column":0},"end":{"line":142,"column":null}},"3":{"start":{"line":143,"column":0},"end":{"line":143,"column":null}},"4":{"start":{"line":144,"column":0},"end":{"line":144,"column":null}},"5":{"start":{"line":147,"column":0},"end":{"line":150,"column":null}},"6":{"start":{"line":148,"column":2},"end":{"line":148,"column":null}},"7":{"start":{"line":149,"column":2},"end":{"line":149,"column":null}},"8":{"start":{"line":153,"column":0},"end":{"line":158,"column":null}},"9":{"start":{"line":160,"column":16},"end":{"line":160,"column":56}}},"fnMap":{"0":{"name":"(anonymous_0)","decl":{"start":{"line":147,"column":26},"end":{"line":147,"column":34}},"loc":{"start":{"line":147,"column":41},"end":{"line":150,"column":1}},"line":147}},"branchMap":{},"s":{"0":1,"1":1,"2":1,"3":1,"4":1,"5":1,"6":0,"7":0,"8":1,"9":1},"f":{"0":0},"b":{},"meta":{"lastBranch":0,"lastFunction":1,"lastStatement":10,"seen":{"s:3:22:138:2":0,"s:141:0:141:Infinity":1,"s:142:0:142:Infinity":2,"s:143:0:143:Infinity":3,"s:144:0:144:Infinity":4,"s:147:0:150:Infinity":5,"f:147:26:147:34":0,"s:148:2:148:Infinity":6,"s:149:2:149:Infinity":7,"s:153:0:158:Infinity":8,"s:160:16:160:56":9}}}
,"/home/user/projetos/crm/back/models/Leads.js": {"path":"/home/user/projetos/crm/back/models/Leads.js","statementMap":{"0":{"start":{"line":5,"column":26},"end":{"line":28,"column":2}},"1":{"start":{"line":30,"column":19},"end":{"line":377,"column":2}},"2":{"start":{"line":122,"column":20},"end":{"line":122,"column":85}},"3":{"start":{"line":380,"column":0},"end":{"line":380,"column":null}},"4":{"start":{"line":381,"column":0},"end":{"line":381,"column":null}},"5":{"start":{"line":382,"column":0},"end":{"line":382,"column":null}},"6":{"start":{"line":383,"column":0},"end":{"line":383,"column":null}},"7":{"start":{"line":384,"column":0},"end":{"line":384,"column":null}},"8":{"start":{"line":387,"column":0},"end":{"line":387,"column":null}},"9":{"start":{"line":388,"column":0},"end":{"line":388,"column":null}},"10":{"start":{"line":391,"column":0},"end":{"line":391,"column":null}},"11":{"start":{"line":392,"column":0},"end":{"line":392,"column":null}},"12":{"start":{"line":393,"column":0},"end":{"line":393,"column":null}},"13":{"start":{"line":394,"column":0},"end":{"line":394,"column":null}},"14":{"start":{"line":395,"column":0},"end":{"line":395,"column":null}},"15":{"start":{"line":396,"column":0},"end":{"line":396,"column":null}},"16":{"start":{"line":398,"column":0},"end":{"line":400,"column":null}},"17":{"start":{"line":399,"column":2},"end":{"line":399,"column":null}},"18":{"start":{"line":403,"column":0},"end":{"line":406,"column":null}},"19":{"start":{"line":404,"column":2},"end":{"line":404,"column":null}},"20":{"start":{"line":404,"column":27},"end":{"line":404,"column":null}},"21":{"start":{"line":405,"column":2},"end":{"line":405,"column":null}},"22":{"start":{"line":409,"column":0},"end":{"line":414,"column":null}},"23":{"start":{"line":410,"column":2},"end":{"line":412,"column":null}},"24":{"start":{"line":411,"column":4},"end":{"line":411,"column":null}},"25":{"start":{"line":413,"column":2},"end":{"line":413,"column":null}}},"fnMap":{"0":{"name":"(anonymous_0)","decl":{"start":{"line":122,"column":13},"end":{"line":122,"column":14}},"loc":{"start":{"line":122,"column":20},"end":{"line":122,"column":85}},"line":122},"1":{"name":"(anonymous_1)","decl":{"start":{"line":398,"column":32},"end":{"line":398,"column":40}},"loc":{"start":{"line":398,"column":44},"end":{"line":400,"column":1}},"line":398},"2":{"name":"(anonymous_2)","decl":{"start":{"line":403,"column":23},"end":{"line":403,"column":31}},"loc":{"start":{"line":403,"column":39},"end":{"line":406,"column":1}},"line":403},"3":{"name":"(anonymous_3)","decl":{"start":{"line":409,"column":23},"end":{"line":409,"column":31}},"loc":{"start":{"line":409,"column":39},"end":{"line":414,"column":1}},"line":409}},"branchMap":{"0":{"loc":{"start":{"line":399,"column":9},"end":{"line":399,"column":36}},"type":"binary-expr","locations":[{"start":{"line":399,"column":9},"end":{"line":399,"column":28}},{"start":{"line":399,"column":32},"end":{"line":399,"column":36}}],"line":399},"1":{"loc":{"start":{"line":404,"column":2},"end":{"line":404,"column":null}},"type":"if","locations":[{"start":{"line":404,"column":2},"end":{"line":404,"column":null}},{"start":{},"end":{}}],"line":404},"2":{"loc":{"start":{"line":410,"column":2},"end":{"line":412,"column":null}},"type":"if","locations":[{"start":{"line":410,"column":2},"end":{"line":412,"column":null}},{"start":{},"end":{}}],"line":410},"3":{"loc":{"start":{"line":410,"column":6},"end":{"line":410,"column":55}},"type":"binary-expr","locations":[{"start":{"line":410,"column":6},"end":{"line":410,"column":23}},{"start":{"line":410,"column":27},"end":{"line":410,"column":55}}],"line":410}},"s":{"0":1,"1":1,"2":0,"3":1,"4":1,"5":1,"6":1,"7":1,"8":1,"9":1,"10":1,"11":1,"12":1,"13":1,"14":1,"15":1,"16":1,"17":0,"18":1,"19":0,"20":0,"21":0,"22":1,"23":0,"24":0,"25":0},"f":{"0":0,"1":0,"2":0,"3":0},"b":{"0":[0,0],"1":[0,0],"2":[0,0],"3":[0,0]},"meta":{"lastBranch":4,"lastFunction":4,"lastStatement":26,"seen":{"s:5:26:28:2":0,"s:30:19:377:2":1,"f:122:13:122:14":0,"s:122:20:122:85":2,"s:380:0:380:Infinity":3,"s:381:0:381:Infinity":4,"s:382:0:382:Infinity":5,"s:383:0:383:Infinity":6,"s:384:0:384:Infinity":7,"s:387:0:387:Infinity":8,"s:388:0:388:Infinity":9,"s:391:0:391:Infinity":10,"s:392:0:392:Infinity":11,"s:393:0:393:Infinity":12,"s:394:0:394:Infinity":13,"s:395:0:395:Infinity":14,"s:396:0:396:Infinity":15,"s:398:0:400:Infinity":16,"f:398:32:398:40":1,"s:399:2:399:Infinity":17,"b:399:9:399:28:399:32:399:36":0,"s:403:0:406:Infinity":18,"f:403:23:403:31":2,"b:404:2:404:Infinity:undefined:undefined:undefined:undefined":1,"s:404:2:404:Infinity":19,"s:404:27:404:Infinity":20,"s:405:2:405:Infinity":21,"s:409:0:414:Infinity":22,"f:409:23:409:31":3,"b:410:2:412:Infinity:undefined:undefined:undefined:undefined":2,"s:410:2:412:Infinity":23,"b:410:6:410:23:410:27:410:55":3,"s:411:4:411:Infinity":24,"s:413:2:413:Infinity":25}}}
,"/home/user/projetos/crm/back/models/MedicalEvent.js": {"path":"/home/user/projetos/crm/back/models/MedicalEvent.js","statementMap":{"0":{"start":{"line":4,"column":27},"end":{"line":79,"column":2}},"1":{"start":{"line":81,"column":21},"end":{"line":81,"column":71}}},"fnMap":{},"branchMap":{},"s":{"0":1,"1":1},"f":{},"b":{},"meta":{"lastBranch":0,"lastFunction":0,"lastStatement":2,"seen":{"s:4:27:79:2":0,"s:81:21:81:71":1}}}
,"/home/user/projetos/crm/back/models/Package.js": {"path":"/home/user/projetos/crm/back/models/Package.js","statementMap":{"0":{"start":{"line":3,"column":22},"end":{"line":166,"column":2}},"1":{"start":{"line":22,"column":8},"end":{"line":24,"column":null}},"2":{"start":{"line":23,"column":10},"end":{"line":23,"column":null}},"3":{"start":{"line":26,"column":8},"end":{"line":26,"column":null}},"4":{"start":{"line":168,"column":0},"end":{"line":170,"column":null}},"5":{"start":{"line":169,"column":2},"end":{"line":169,"column":null}},"6":{"start":{"line":172,"column":0},"end":{"line":172,"column":null}},"7":{"start":{"line":173,"column":0},"end":{"line":173,"column":null}},"8":{"start":{"line":175,"column":0},"end":{"line":191,"column":null}},"9":{"start":{"line":177,"column":2},"end":{"line":179,"column":null}},"10":{"start":{"line":178,"column":4},"end":{"line":178,"column":null}},"11":{"start":{"line":182,"column":2},"end":{"line":188,"column":null}},"12":{"start":{"line":183,"column":4},"end":{"line":183,"column":null}},"13":{"start":{"line":184,"column":9},"end":{"line":188,"column":null}},"14":{"start":{"line":185,"column":4},"end":{"line":185,"column":null}},"15":{"start":{"line":187,"column":4},"end":{"line":187,"column":null}},"16":{"start":{"line":190,"column":2},"end":{"line":190,"column":null}},"17":{"start":{"line":194,"column":16},"end":{"line":194,"column":56}}},"fnMap":{"0":{"name":"(anonymous_0)","decl":{"start":{"line":20,"column":6},"end":{"line":20,"column":15}},"loc":{"start":{"line":20,"column":33},"end":{"line":27,"column":7}},"line":20},"1":{"name":"(anonymous_1)","decl":{"start":{"line":168,"column":47},"end":{"line":168,"column":55}},"loc":{"start":{"line":168,"column":59},"end":{"line":170,"column":1}},"line":168},"2":{"name":"(anonymous_2)","decl":{"start":{"line":175,"column":26},"end":{"line":175,"column":34}},"loc":{"start":{"line":175,"column":42},"end":{"line":191,"column":1}},"line":175}},"branchMap":{"0":{"loc":{"start":{"line":22,"column":8},"end":{"line":24,"column":null}},"type":"if","locations":[{"start":{"line":22,"column":8},"end":{"line":24,"column":null}},{"start":{},"end":{}}],"line":22},"1":{"loc":{"start":{"line":177,"column":2},"end":{"line":179,"column":null}},"type":"if","locations":[{"start":{"line":177,"column":2},"end":{"line":179,"column":null}},{"start":{},"end":{}}],"line":177},"2":{"loc":{"start":{"line":177,"column":6},"end":{"line":177,"column":62}},"type":"binary-expr","locations":[{"start":{"line":177,"column":6},"end":{"line":177,"column":35}},{"start":{"line":177,"column":39},"end":{"line":177,"column":62}}],"line":177},"3":{"loc":{"start":{"line":178,"column":38},"end":{"line":178,"column":57}},"type":"binary-expr","locations":[{"start":{"line":178,"column":38},"end":{"line":178,"column":52}},{"start":{"line":178,"column":56},"end":{"line":178,"column":57}}],"line":178},"4":{"loc":{"start":{"line":182,"column":2},"end":{"line":188,"column":null}},"type":"if","locations":[{"start":{"line":182,"column":2},"end":{"line":188,"column":null}},{"start":{"line":184,"column":9},"end":{"line":188,"column":null}}],"line":182},"5":{"loc":{"start":{"line":184,"column":9},"end":{"line":188,"column":null}},"type":"if","locations":[{"start":{"line":184,"column":9},"end":{"line":188,"column":null}},{"start":{"line":186,"column":9},"end":{"line":188,"column":null}}],"line":184}},"s":{"0":1,"1":0,"2":0,"3":0,"4":1,"5":0,"6":1,"7":1,"8":1,"9":0,"10":0,"11":0,"12":0,"13":0,"14":0,"15":0,"16":0,"17":1},"f":{"0":1,"1":0,"2":0},"b":{"0":[0,0],"1":[0,0],"2":[0,0],"3":[0,0],"4":[0,0],"5":[0,0]},"meta":{"lastBranch":6,"lastFunction":3,"lastStatement":18,"seen":{"s:3:22:166:2":0,"f:20:6:20:15":0,"b:22:8:24:Infinity:undefined:undefined:undefined:undefined":0,"s:22:8:24:Infinity":1,"s:23:10:23:Infinity":2,"s:26:8:26:Infinity":3,"s:168:0:170:Infinity":4,"f:168:47:168:55":1,"s:169:2:169:Infinity":5,"s:172:0:172:Infinity":6,"s:173:0:173:Infinity":7,"s:175:0:191:Infinity":8,"f:175:26:175:34":2,"b:177:2:179:Infinity:undefined:undefined:undefined:undefined":1,"s:177:2:179:Infinity":9,"b:177:6:177:35:177:39:177:62":2,"s:178:4:178:Infinity":10,"b:178:38:178:52:178:56:178:57":3,"b:182:2:188:Infinity:184:9:188:Infinity":4,"s:182:2:188:Infinity":11,"s:183:4:183:Infinity":12,"b:184:9:188:Infinity:186:9:188:Infinity":5,"s:184:9:188:Infinity":13,"s:185:4:185:Infinity":14,"s:187:4:187:Infinity":15,"s:190:2:190:Infinity":16,"s:194:16:194:56":17}}}
,"/home/user/projetos/crm/back/models/Patient.js": {"path":"/home/user/projetos/crm/back/models/Patient.js","statementMap":{"0":{"start":{"line":3,"column":22},"end":{"line":57,"column":2}},"1":{"start":{"line":13,"column":8},"end":{"line":13,"column":null}},"2":{"start":{"line":13,"column":16},"end":{"line":13,"column":null}},"3":{"start":{"line":14,"column":8},"end":{"line":15,"column":null}},"4":{"start":{"line":67,"column":0},"end":{"line":67,"column":null}},"5":{"start":{"line":68,"column":0},"end":{"line":68,"column":null}},"6":{"start":{"line":71,"column":0},"end":{"line":77,"column":null}},"7":{"start":{"line":79,"column":0},"end":{"line":85,"column":null}},"8":{"start":{"line":89,"column":14},"end":{"line":89,"column":24}},"9":{"start":{"line":90,"column":16},"end":{"line":90,"column":73}},"10":{"start":{"line":91,"column":2},"end":{"line":91,"column":42}},"11":{"start":{"line":94,"column":16},"end":{"line":96,"column":30}},"12":{"start":{"line":97,"column":12},"end":{"line":97,"column":61}},"13":{"start":{"line":97,"column":28},"end":{"line":97,"column":45}},"14":{"start":{"line":98,"column":12},"end":{"line":98,"column":63}},"15":{"start":{"line":98,"column":28},"end":{"line":98,"column":47}},"16":{"start":{"line":99,"column":2},"end":{"line":99,"column":null}},"17":{"start":{"line":102,"column":13},"end":{"line":102,"column":40}},"18":{"start":{"line":102,"column":47},"end":{"line":102,"column":74}},"19":{"start":{"line":103,"column":2},"end":{"line":103,"column":null}},"20":{"start":{"line":103,"column":17},"end":{"line":103,"column":null}},"21":{"start":{"line":104,"column":13},"end":{"line":104,"column":25}},"22":{"start":{"line":104,"column":32},"end":{"line":104,"column":44}},"23":{"start":{"line":105,"column":2},"end":{"line":105,"column":null}},"24":{"start":{"line":105,"column":17},"end":{"line":105,"column":null}},"25":{"start":{"line":106,"column":2},"end":{"line":106,"column":null}},"26":{"start":{"line":108,"column":25},"end":{"line":108,"column":46}},"27":{"start":{"line":111,"column":0},"end":{"line":154,"column":null}},"28":{"start":{"line":112,"column":2},"end":{"line":122,"column":null}},"29":{"start":{"line":113,"column":4},"end":{"line":121,"column":null}},"30":{"start":{"line":124,"column":16},"end":{"line":124,"column":26}},"31":{"start":{"line":125,"column":13},"end":{"line":125,"column":20}},"32":{"start":{"line":127,"column":23},"end":{"line":127,"column":46}},"33":{"start":{"line":128,"column":16},"end":{"line":128,"column":81}},"34":{"start":{"line":128,"column":43},"end":{"line":128,"column":80}},"35":{"start":{"line":130,"column":15},"end":{"line":138,"column":18}},"36":{"start":{"line":132,"column":16},"end":{"line":132,"column":45}},"37":{"start":{"line":133,"column":6},"end":{"line":133,"column":null}},"38":{"start":{"line":133,"column":14},"end":{"line":133,"column":null}},"39":{"start":{"line":134,"column":6},"end":{"line":134,"column":null}},"40":{"start":{"line":134,"column":21},"end":{"line":134,"column":null}},"41":{"start":{"line":135,"column":6},"end":{"line":135,"column":null}},"42":{"start":{"line":135,"column":21},"end":{"line":135,"column":null}},"43":{"start":{"line":136,"column":6},"end":{"line":136,"column":null}},"44":{"start":{"line":140,"column":17},"end":{"line":148,"column":17}},"45":{"start":{"line":142,"column":16},"end":{"line":142,"column":45}},"46":{"start":{"line":143,"column":6},"end":{"line":143,"column":null}},"47":{"start":{"line":143,"column":14},"end":{"line":143,"column":null}},"48":{"start":{"line":144,"column":6},"end":{"line":144,"column":null}},"49":{"start":{"line":144,"column":21},"end":{"line":144,"column":null}},"50":{"start":{"line":145,"column":6},"end":{"line":145,"column":null}},"51":{"start":{"line":145,"column":21},"end":{"line":145,"column":null}},"52":{"start":{"line":146,"column":6},"end":{"line":146,"column":null}},"53":{"start":{"line":150,"column":2},"end":{"line":153,"column":null}},"54":{"start":{"line":157,"column":0},"end":{"line":212,"column":null}},"55":{"start":{"line":158,"column":17},"end":{"line":176,"column":11}},"56":{"start":{"line":178,"column":16},"end":{"line":178,"column":26}},"57":{"start":{"line":179,"column":13},"end":{"line":179,"column":20}},"58":{"start":{"line":181,"column":2},"end":{"line":209,"column":null}},"59":{"start":{"line":182,"column":18},"end":{"line":182,"column":89}},"60":{"start":{"line":182,"column":53},"end":{"line":182,"column":88}},"61":{"start":{"line":184,"column":17},"end":{"line":192,"column":20}},"62":{"start":{"line":186,"column":18},"end":{"line":186,"column":45}},"63":{"start":{"line":187,"column":8},"end":{"line":187,"column":null}},"64":{"start":{"line":187,"column":16},"end":{"line":187,"column":null}},"65":{"start":{"line":188,"column":8},"end":{"line":188,"column":null}},"66":{"start":{"line":188,"column":23},"end":{"line":188,"column":null}},"67":{"start":{"line":189,"column":8},"end":{"line":189,"column":null}},"68":{"start":{"line":189,"column":23},"end":{"line":189,"column":null}},"69":{"start":{"line":190,"column":8},"end":{"line":190,"column":null}},"70":{"start":{"line":194,"column":19},"end":{"line":202,"column":19}},"71":{"start":{"line":196,"column":18},"end":{"line":196,"column":45}},"72":{"start":{"line":197,"column":8},"end":{"line":197,"column":null}},"73":{"start":{"line":197,"column":16},"end":{"line":197,"column":null}},"74":{"start":{"line":198,"column":8},"end":{"line":198,"column":null}},"75":{"start":{"line":198,"column":23},"end":{"line":198,"column":null}},"76":{"start":{"line":199,"column":8},"end":{"line":199,"column":null}},"77":{"start":{"line":199,"column":23},"end":{"line":199,"column":null}},"78":{"start":{"line":200,"column":8},"end":{"line":200,"column":null}},"79":{"start":{"line":204,"column":4},"end":{"line":208,"column":null}},"80":{"start":{"line":211,"column":2},"end":{"line":211,"column":null}},"81":{"start":{"line":214,"column":16},"end":{"line":214,"column":68}}},"fnMap":{"0":{"name":"(anonymous_0)","decl":{"start":{"line":12,"column":6},"end":{"line":12,"column":15}},"loc":{"start":{"line":12,"column":30},"end":{"line":16,"column":7}},"line":12},"1":{"name":"todayYMD","decl":{"start":{"line":88,"column":9},"end":{"line":88,"column":17}},"loc":{"start":{"line":88,"column":20},"end":{"line":92,"column":null}},"line":88},"2":{"name":"nowHM","decl":{"start":{"line":93,"column":9},"end":{"line":93,"column":14}},"loc":{"start":{"line":93,"column":17},"end":{"line":100,"column":null}},"line":93},"3":{"name":"(anonymous_3)","decl":{"start":{"line":97,"column":23},"end":{"line":97,"column":24}},"loc":{"start":{"line":97,"column":28},"end":{"line":97,"column":45}},"line":97},"4":{"name":"(anonymous_4)","decl":{"start":{"line":98,"column":23},"end":{"line":98,"column":24}},"loc":{"start":{"line":98,"column":28},"end":{"line":98,"column":47}},"line":98},"5":{"name":"cmpAsc","decl":{"start":{"line":101,"column":9},"end":{"line":101,"column":15}},"loc":{"start":{"line":101,"column":22},"end":{"line":107,"column":null}},"line":101},"6":{"name":"cmpDesc","decl":{"start":{"line":108,"column":9},"end":{"line":108,"column":16}},"loc":{"start":{"line":108,"column":23},"end":{"line":108,"column":null}},"line":108},"7":{"name":"(anonymous_7)","decl":{"start":{"line":111,"column":46},"end":{"line":111,"column":51}},"loc":{"start":{"line":111,"column":64},"end":{"line":154,"column":1}},"line":111},"8":{"name":"(anonymous_8)","decl":{"start":{"line":128,"column":36},"end":{"line":128,"column":39}},"loc":{"start":{"line":128,"column":43},"end":{"line":128,"column":80}},"line":128},"9":{"name":"(anonymous_9)","decl":{"start":{"line":131,"column":12},"end":{"line":131,"column":15}},"loc":{"start":{"line":131,"column":19},"end":{"line":137,"column":5}},"line":131},"10":{"name":"(anonymous_10)","decl":{"start":{"line":141,"column":12},"end":{"line":141,"column":15}},"loc":{"start":{"line":141,"column":19},"end":{"line":147,"column":5}},"line":141},"11":{"name":"(anonymous_11)","decl":{"start":{"line":157,"column":45},"end":{"line":157,"column":50}},"loc":{"start":{"line":157,"column":73},"end":{"line":212,"column":1}},"line":157},"12":{"name":"(anonymous_12)","decl":{"start":{"line":181,"column":26},"end":{"line":181,"column":27}},"loc":{"start":{"line":181,"column":31},"end":{"line":209,"column":3}},"line":181},"13":{"name":"(anonymous_13)","decl":{"start":{"line":182,"column":48},"end":{"line":182,"column":49}},"loc":{"start":{"line":182,"column":53},"end":{"line":182,"column":88}},"line":182},"14":{"name":"(anonymous_14)","decl":{"start":{"line":185,"column":14},"end":{"line":185,"column":15}},"loc":{"start":{"line":185,"column":19},"end":{"line":191,"column":7}},"line":185},"15":{"name":"(anonymous_15)","decl":{"start":{"line":195,"column":14},"end":{"line":195,"column":15}},"loc":{"start":{"line":195,"column":19},"end":{"line":201,"column":7}},"line":195}},"branchMap":{"0":{"loc":{"start":{"line":13,"column":8},"end":{"line":13,"column":null}},"type":"if","locations":[{"start":{"line":13,"column":8},"end":{"line":13,"column":null}},{"start":{},"end":{}}],"line":13},"1":{"loc":{"start":{"line":14,"column":15},"end":{"line":15,"column":44}},"type":"binary-expr","locations":[{"start":{"line":14,"column":15},"end":{"line":14,"column":51}},{"start":{"line":15,"column":10},"end":{"line":15,"column":44}}],"line":14},"2":{"loc":{"start":{"line":97,"column":12},"end":{"line":97,"column":61}},"type":"binary-expr","locations":[{"start":{"line":97,"column":12},"end":{"line":97,"column":53}},{"start":{"line":97,"column":57},"end":{"line":97,"column":61}}],"line":97},"3":{"loc":{"start":{"line":98,"column":12},"end":{"line":98,"column":63}},"type":"binary-expr","locations":[{"start":{"line":98,"column":12},"end":{"line":98,"column":55}},{"start":{"line":98,"column":59},"end":{"line":98,"column":63}}],"line":98},"4":{"loc":{"start":{"line":102,"column":14},"end":{"line":102,"column":26}},"type":"binary-expr","locations":[{"start":{"line":102,"column":14},"end":{"line":102,"column":20}},{"start":{"line":102,"column":24},"end":{"line":102,"column":26}}],"line":102},"5":{"loc":{"start":{"line":102,"column":48},"end":{"line":102,"column":60}},"type":"binary-expr","locations":[{"start":{"line":102,"column":48},"end":{"line":102,"column":54}},{"start":{"line":102,"column":58},"end":{"line":102,"column":60}}],"line":102},"6":{"loc":{"start":{"line":103,"column":2},"end":{"line":103,"column":null}},"type":"if","locations":[{"start":{"line":103,"column":2},"end":{"line":103,"column":null}},{"start":{},"end":{}}],"line":103},"7":{"loc":{"start":{"line":103,"column":24},"end":{"line":103,"column":40}},"type":"cond-expr","locations":[{"start":{"line":103,"column":34},"end":{"line":103,"column":36}},{"start":{"line":103,"column":39},"end":{"line":103,"column":40}}],"line":103},"8":{"loc":{"start":{"line":104,"column":13},"end":{"line":104,"column":25}},"type":"binary-expr","locations":[{"start":{"line":104,"column":13},"end":{"line":104,"column":19}},{"start":{"line":104,"column":23},"end":{"line":104,"column":25}}],"line":104},"9":{"loc":{"start":{"line":104,"column":32},"end":{"line":104,"column":44}},"type":"binary-expr","locations":[{"start":{"line":104,"column":32},"end":{"line":104,"column":38}},{"start":{"line":104,"column":42},"end":{"line":104,"column":44}}],"line":104},"10":{"loc":{"start":{"line":105,"column":2},"end":{"line":105,"column":null}},"type":"if","locations":[{"start":{"line":105,"column":2},"end":{"line":105,"column":null}},{"start":{},"end":{}}],"line":105},"11":{"loc":{"start":{"line":106,"column":9},"end":{"line":106,"column":25}},"type":"cond-expr","locations":[{"start":{"line":106,"column":19},"end":{"line":106,"column":21}},{"start":{"line":106,"column":24},"end":{"line":106,"column":25}}],"line":106},"12":{"loc":{"start":{"line":112,"column":2},"end":{"line":122,"column":null}},"type":"if","locations":[{"start":{"line":112,"column":2},"end":{"line":122,"column":null}},{"start":{},"end":{}}],"line":112},"13":{"loc":{"start":{"line":127,"column":23},"end":{"line":127,"column":46}},"type":"binary-expr","locations":[{"start":{"line":127,"column":23},"end":{"line":127,"column":40}},{"start":{"line":127,"column":44},"end":{"line":127,"column":46}}],"line":127},"14":{"loc":{"start":{"line":132,"column":17},"end":{"line":132,"column":31}},"type":"binary-expr","locations":[{"start":{"line":132,"column":17},"end":{"line":132,"column":25}},{"start":{"line":132,"column":29},"end":{"line":132,"column":31}}],"line":132},"15":{"loc":{"start":{"line":133,"column":6},"end":{"line":133,"column":null}},"type":"if","locations":[{"start":{"line":133,"column":6},"end":{"line":133,"column":null}},{"start":{},"end":{}}],"line":133},"16":{"loc":{"start":{"line":134,"column":6},"end":{"line":134,"column":null}},"type":"if","locations":[{"start":{"line":134,"column":6},"end":{"line":134,"column":null}},{"start":{},"end":{}}],"line":134},"17":{"loc":{"start":{"line":135,"column":6},"end":{"line":135,"column":null}},"type":"if","locations":[{"start":{"line":135,"column":6},"end":{"line":135,"column":null}},{"start":{},"end":{}}],"line":135},"18":{"loc":{"start":{"line":136,"column":14},"end":{"line":136,"column":28}},"type":"binary-expr","locations":[{"start":{"line":136,"column":14},"end":{"line":136,"column":22}},{"start":{"line":136,"column":26},"end":{"line":136,"column":28}}],"line":136},"19":{"loc":{"start":{"line":142,"column":17},"end":{"line":142,"column":31}},"type":"binary-expr","locations":[{"start":{"line":142,"column":17},"end":{"line":142,"column":25}},{"start":{"line":142,"column":29},"end":{"line":142,"column":31}}],"line":142},"20":{"loc":{"start":{"line":143,"column":6},"end":{"line":143,"column":null}},"type":"if","locations":[{"start":{"line":143,"column":6},"end":{"line":143,"column":null}},{"start":{},"end":{}}],"line":143},"21":{"loc":{"start":{"line":144,"column":6},"end":{"line":144,"column":null}},"type":"if","locations":[{"start":{"line":144,"column":6},"end":{"line":144,"column":null}},{"start":{},"end":{}}],"line":144},"22":{"loc":{"start":{"line":145,"column":6},"end":{"line":145,"column":null}},"type":"if","locations":[{"start":{"line":145,"column":6},"end":{"line":145,"column":null}},{"start":{},"end":{}}],"line":145},"23":{"loc":{"start":{"line":146,"column":14},"end":{"line":146,"column":28}},"type":"binary-expr","locations":[{"start":{"line":146,"column":14},"end":{"line":146,"column":22}},{"start":{"line":146,"column":26},"end":{"line":146,"column":28}}],"line":146},"24":{"loc":{"start":{"line":151,"column":21},"end":{"line":151,"column":36}},"type":"binary-expr","locations":[{"start":{"line":151,"column":21},"end":{"line":151,"column":28}},{"start":{"line":151,"column":32},"end":{"line":151,"column":36}}],"line":151},"25":{"loc":{"start":{"line":152,"column":21},"end":{"line":152,"column":null}},"type":"binary-expr","locations":[{"start":{"line":152,"column":21},"end":{"line":152,"column":30}},{"start":{"line":152,"column":34},"end":{"line":152,"column":null}}],"line":152},"26":{"loc":{"start":{"line":157,"column":61},"end":{"line":157,"column":71}},"type":"default-arg","locations":[{"start":{"line":157,"column":69},"end":{"line":157,"column":71}}],"line":157},"27":{"loc":{"start":{"line":182,"column":19},"end":{"line":182,"column":39}},"type":"binary-expr","locations":[{"start":{"line":182,"column":19},"end":{"line":182,"column":33}},{"start":{"line":182,"column":37},"end":{"line":182,"column":39}}],"line":182},"28":{"loc":{"start":{"line":186,"column":19},"end":{"line":186,"column":31}},"type":"binary-expr","locations":[{"start":{"line":186,"column":19},"end":{"line":186,"column":25}},{"start":{"line":186,"column":29},"end":{"line":186,"column":31}}],"line":186},"29":{"loc":{"start":{"line":187,"column":8},"end":{"line":187,"column":null}},"type":"if","locations":[{"start":{"line":187,"column":8},"end":{"line":187,"column":null}},{"start":{},"end":{}}],"line":187},"30":{"loc":{"start":{"line":188,"column":8},"end":{"line":188,"column":null}},"type":"if","locations":[{"start":{"line":188,"column":8},"end":{"line":188,"column":null}},{"start":{},"end":{}}],"line":188},"31":{"loc":{"start":{"line":189,"column":8},"end":{"line":189,"column":null}},"type":"if","locations":[{"start":{"line":189,"column":8},"end":{"line":189,"column":null}},{"start":{},"end":{}}],"line":189},"32":{"loc":{"start":{"line":190,"column":16},"end":{"line":190,"column":28}},"type":"binary-expr","locations":[{"start":{"line":190,"column":16},"end":{"line":190,"column":22}},{"start":{"line":190,"column":26},"end":{"line":190,"column":28}}],"line":190},"33":{"loc":{"start":{"line":196,"column":19},"end":{"line":196,"column":31}},"type":"binary-expr","locations":[{"start":{"line":196,"column":19},"end":{"line":196,"column":25}},{"start":{"line":196,"column":29},"end":{"line":196,"column":31}}],"line":196},"34":{"loc":{"start":{"line":197,"column":8},"end":{"line":197,"column":null}},"type":"if","locations":[{"start":{"line":197,"column":8},"end":{"line":197,"column":null}},{"start":{},"end":{}}],"line":197},"35":{"loc":{"start":{"line":198,"column":8},"end":{"line":198,"column":null}},"type":"if","locations":[{"start":{"line":198,"column":8},"end":{"line":198,"column":null}},{"start":{},"end":{}}],"line":198},"36":{"loc":{"start":{"line":199,"column":8},"end":{"line":199,"column":null}},"type":"if","locations":[{"start":{"line":199,"column":8},"end":{"line":199,"column":null}},{"start":{},"end":{}}],"line":199},"37":{"loc":{"start":{"line":200,"column":16},"end":{"line":200,"column":28}},"type":"binary-expr","locations":[{"start":{"line":200,"column":16},"end":{"line":200,"column":22}},{"start":{"line":200,"column":26},"end":{"line":200,"column":28}}],"line":200},"38":{"loc":{"start":{"line":206,"column":23},"end":{"line":206,"column":38}},"type":"binary-expr","locations":[{"start":{"line":206,"column":23},"end":{"line":206,"column":30}},{"start":{"line":206,"column":34},"end":{"line":206,"column":38}}],"line":206},"39":{"loc":{"start":{"line":207,"column":23},"end":{"line":207,"column":null}},"type":"binary-expr","locations":[{"start":{"line":207,"column":23},"end":{"line":207,"column":32}},{"start":{"line":207,"column":36},"end":{"line":207,"column":null}}],"line":207}},"s":{"0":1,"1":0,"2":0,"3":0,"4":1,"5":1,"6":1,"7":1,"8":0,"9":0,"10":0,"11":0,"12":0,"13":0,"14":0,"15":0,"16":0,"17":0,"18":0,"19":0,"20":0,"21":0,"22":0,"23":0,"24":0,"25":0,"26":0,"27":1,"28":0,"29":0,"30":0,"31":0,"32":0,"33":0,"34":0,"35":0,"36":0,"37":0,"38":0,"39":0,"40":0,"41":0,"42":0,"43":0,"44":0,"45":0,"46":0,"47":0,"48":0,"49":0,"50":0,"51":0,"52":0,"53":0,"54":1,"55":0,"56":0,"57":0,"58":0,"59":0,"60":0,"61":0,"62":0,"63":0,"64":0,"65":0,"66":0,"67":0,"68":0,"69":0,"70":0,"71":0,"72":0,"73":0,"74":0,"75":0,"76":0,"77":0,"78":0,"79":0,"80":0,"81":1},"f":{"0":1,"1":0,"2":0,"3":0,"4":0,"5":0,"6":0,"7":0,"8":0,"9":0,"10":0,"11":0,"12":0,"13":0,"14":0,"15":0},"b":{"0":[0,0],"1":[0,0],"2":[0,0],"3":[0,0],"4":[0,0],"5":[0,0],"6":[0,0],"7":[0,0],"8":[0,0],"9":[0,0],"10":[0,0],"11":[0,0],"12":[0,0],"13":[0,0],"14":[0,0],"15":[0,0],"16":[0,0],"17":[0,0],"18":[0,0],"19":[0,0],"20":[0,0],"21":[0,0],"22":[0,0],"23":[0,0],"24":[0,0],"25":[0,0],"26":[0],"27":[0,0],"28":[0,0],"29":[0,0],"30":[0,0],"31":[0,0],"32":[0,0],"33":[0,0],"34":[0,0],"35":[0,0],"36":[0,0],"37":[0,0],"38":[0,0],"39":[0,0]},"meta":{"lastBranch":40,"lastFunction":16,"lastStatement":82,"seen":{"s:3:22:57:2":0,"f:12:6:12:15":0,"b:13:8:13:Infinity:undefined:undefined:undefined:undefined":0,"s:13:8:13:Infinity":1,"s:13:16:13:Infinity":2,"s:14:8:15:Infinity":3,"b:14:15:14:51:15:10:15:44":1,"s:67:0:67:Infinity":4,"s:68:0:68:Infinity":5,"s:71:0:77:Infinity":6,"s:79:0:85:Infinity":7,"f:88:9:88:17":1,"s:89:14:89:24":8,"s:90:16:90:73":9,"s:91:2:91:42":10,"f:93:9:93:14":2,"s:94:16:96:30":11,"s:97:12:97:61":12,"b:97:12:97:53:97:57:97:61":2,"f:97:23:97:24":3,"s:97:28:97:45":13,"s:98:12:98:63":14,"b:98:12:98:55:98:59:98:63":3,"f:98:23:98:24":4,"s:98:28:98:47":15,"s:99:2:99:Infinity":16,"f:101:9:101:15":5,"s:102:13:102:40":17,"b:102:14:102:20:102:24:102:26":4,"s:102:47:102:74":18,"b:102:48:102:54:102:58:102:60":5,"b:103:2:103:Infinity:undefined:undefined:undefined:undefined":6,"s:103:2:103:Infinity":19,"s:103:17:103:Infinity":20,"b:103:34:103:36:103:39:103:40":7,"s:104:13:104:25":21,"b:104:13:104:19:104:23:104:25":8,"s:104:32:104:44":22,"b:104:32:104:38:104:42:104:44":9,"b:105:2:105:Infinity:undefined:undefined:undefined:undefined":10,"s:105:2:105:Infinity":23,"s:105:17:105:Infinity":24,"s:106:2:106:Infinity":25,"b:106:19:106:21:106:24:106:25":11,"f:108:9:108:16":6,"s:108:25:108:46":26,"s:111:0:154:Infinity":27,"f:111:46:111:51":7,"b:112:2:122:Infinity:undefined:undefined:undefined:undefined":12,"s:112:2:122:Infinity":28,"s:113:4:121:Infinity":29,"s:124:16:124:26":30,"s:125:13:125:20":31,"s:127:23:127:46":32,"b:127:23:127:40:127:44:127:46":13,"s:128:16:128:81":33,"f:128:36:128:39":8,"s:128:43:128:80":34,"s:130:15:138:18":35,"f:131:12:131:15":9,"s:132:16:132:45":36,"b:132:17:132:25:132:29:132:31":14,"b:133:6:133:Infinity:undefined:undefined:undefined:undefined":15,"s:133:6:133:Infinity":37,"s:133:14:133:Infinity":38,"b:134:6:134:Infinity:undefined:undefined:undefined:undefined":16,"s:134:6:134:Infinity":39,"s:134:21:134:Infinity":40,"b:135:6:135:Infinity:undefined:undefined:undefined:undefined":17,"s:135:6:135:Infinity":41,"s:135:21:135:Infinity":42,"s:136:6:136:Infinity":43,"b:136:14:136:22:136:26:136:28":18,"s:140:17:148:17":44,"f:141:12:141:15":10,"s:142:16:142:45":45,"b:142:17:142:25:142:29:142:31":19,"b:143:6:143:Infinity:undefined:undefined:undefined:undefined":20,"s:143:6:143:Infinity":46,"s:143:14:143:Infinity":47,"b:144:6:144:Infinity:undefined:undefined:undefined:undefined":21,"s:144:6:144:Infinity":48,"s:144:21:144:Infinity":49,"b:145:6:145:Infinity:undefined:undefined:undefined:undefined":22,"s:145:6:145:Infinity":50,"s:145:21:145:Infinity":51,"s:146:6:146:Infinity":52,"b:146:14:146:22:146:26:146:28":23,"s:150:2:153:Infinity":53,"b:151:21:151:28:151:32:151:36":24,"b:152:21:152:30:152:34:152:Infinity":25,"s:157:0:212:Infinity":54,"f:157:45:157:50":11,"b:157:69:157:71":26,"s:158:17:176:11":55,"s:178:16:178:26":56,"s:179:13:179:20":57,"s:181:2:209:Infinity":58,"f:181:26:181:27":12,"s:182:18:182:89":59,"b:182:19:182:33:182:37:182:39":27,"f:182:48:182:49":13,"s:182:53:182:88":60,"s:184:17:192:20":61,"f:185:14:185:15":14,"s:186:18:186:45":62,"b:186:19:186:25:186:29:186:31":28,"b:187:8:187:Infinity:undefined:undefined:undefined:undefined":29,"s:187:8:187:Infinity":63,"s:187:16:187:Infinity":64,"b:188:8:188:Infinity:undefined:undefined:undefined:undefined":30,"s:188:8:188:Infinity":65,"s:188:23:188:Infinity":66,"b:189:8:189:Infinity:undefined:undefined:undefined:undefined":31,"s:189:8:189:Infinity":67,"s:189:23:189:Infinity":68,"s:190:8:190:Infinity":69,"b:190:16:190:22:190:26:190:28":32,"s:194:19:202:19":70,"f:195:14:195:15":15,"s:196:18:196:45":71,"b:196:19:196:25:196:29:196:31":33,"b:197:8:197:Infinity:undefined:undefined:undefined:undefined":34,"s:197:8:197:Infinity":72,"s:197:16:197:Infinity":73,"b:198:8:198:Infinity:undefined:undefined:undefined:undefined":35,"s:198:8:198:Infinity":74,"s:198:23:198:Infinity":75,"b:199:8:199:Infinity:undefined:undefined:undefined:undefined":36,"s:199:8:199:Infinity":76,"s:199:23:199:Infinity":77,"s:200:8:200:Infinity":78,"b:200:16:200:22:200:26:200:28":37,"s:204:4:208:Infinity":79,"b:206:23:206:30:206:34:206:38":38,"b:207:23:207:32:207:36:207:Infinity":39,"s:211:2:211:Infinity":80,"s:214:16:214:68":81}}}
,"/home/user/projetos/crm/back/models/Payment.js": {"path":"/home/user/projetos/crm/back/models/Payment.js","statementMap":{"0":{"start":{"line":3,"column":22},"end":{"line":177,"column":2}},"1":{"start":{"line":38,"column":12},"end":{"line":38,"column":null}},"2":{"start":{"line":89,"column":12},"end":{"line":89,"column":null}},"3":{"start":{"line":95,"column":23},"end":{"line":95,"column":61}},"4":{"start":{"line":179,"column":0},"end":{"line":179,"column":null}},"5":{"start":{"line":179,"column":46},"end":{"line":179,"column":68}},"6":{"start":{"line":180,"column":0},"end":{"line":180,"column":null}},"7":{"start":{"line":180,"column":42},"end":{"line":180,"column":64}},"8":{"start":{"line":181,"column":0},"end":{"line":181,"column":null}},"9":{"start":{"line":181,"column":42},"end":{"line":181,"column":64}},"10":{"start":{"line":183,"column":0},"end":{"line":214,"column":null}},"11":{"start":{"line":185,"column":4},"end":{"line":187,"column":null}},"12":{"start":{"line":186,"column":8},"end":{"line":186,"column":null}},"13":{"start":{"line":190,"column":4},"end":{"line":211,"column":null}},"14":{"start":{"line":191,"column":8},"end":{"line":210,"column":null}},"15":{"start":{"line":192,"column":27},"end":{"line":200,"column":13}},"16":{"start":{"line":201,"column":32},"end":{"line":201,"column":83}},"17":{"start":{"line":202,"column":12},"end":{"line":207,"column":null}},"18":{"start":{"line":203,"column":16},"end":{"line":203,"column":null}},"19":{"start":{"line":204,"column":16},"end":{"line":206,"column":null}},"20":{"start":{"line":209,"column":12},"end":{"line":209,"column":null}},"21":{"start":{"line":213,"column":4},"end":{"line":213,"column":null}},"22":{"start":{"line":216,"column":0},"end":{"line":291,"column":null}},"23":{"start":{"line":217,"column":4},"end":{"line":290,"column":null}},"24":{"start":{"line":218,"column":28},"end":{"line":218,"column":57}},"25":{"start":{"line":219,"column":24},"end":{"line":219,"column":49}},"26":{"start":{"line":220,"column":24},"end":{"line":220,"column":49}},"27":{"start":{"line":223,"column":8},"end":{"line":241,"column":null}},"28":{"start":{"line":224,"column":32},"end":{"line":224,"column":75}},"29":{"start":{"line":225,"column":12},"end":{"line":240,"column":null}},"30":{"start":{"line":226,"column":16},"end":{"line":232,"column":null}},"31":{"start":{"line":228,"column":20},"end":{"line":230,"column":null}},"32":{"start":{"line":231,"column":20},"end":{"line":231,"column":null}},"33":{"start":{"line":234,"column":34},"end":{"line":234,"column":118}},"34":{"start":{"line":235,"column":16},"end":{"line":239,"column":null}},"35":{"start":{"line":244,"column":8},"end":{"line":287,"column":null}},"36":{"start":{"line":245,"column":12},"end":{"line":271,"column":null}},"37":{"start":{"line":246,"column":32},"end":{"line":246,"column":67}},"38":{"start":{"line":247,"column":16},"end":{"line":270,"column":null}},"39":{"start":{"line":249,"column":20},"end":{"line":255,"column":null}},"40":{"start":{"line":250,"column":24},"end":{"line":250,"column":null}},"41":{"start":{"line":251,"column":24},"end":{"line":251,"column":null}},"42":{"start":{"line":252,"column":24},"end":{"line":252,"column":null}},"43":{"start":{"line":253,"column":24},"end":{"line":253,"column":null}},"44":{"start":{"line":254,"column":24},"end":{"line":254,"column":null}},"45":{"start":{"line":258,"column":20},"end":{"line":258,"column":null}},"46":{"start":{"line":259,"column":20},"end":{"line":259,"column":null}},"47":{"start":{"line":260,"column":20},"end":{"line":260,"column":null}},"48":{"start":{"line":263,"column":20},"end":{"line":269,"column":null}},"49":{"start":{"line":264,"column":24},"end":{"line":268,"column":null}},"50":{"start":{"line":274,"column":12},"end":{"line":286,"column":null}},"51":{"start":{"line":275,"column":28},"end":{"line":275,"column":63}},"52":{"start":{"line":276,"column":16},"end":{"line":285,"column":null}},"53":{"start":{"line":277,"column":42},"end":{"line":277,"column":78}},"54":{"start":{"line":278,"column":20},"end":{"line":283,"column":null}},"55":{"start":{"line":284,"column":20},"end":{"line":284,"column":null}},"56":{"start":{"line":289,"column":8},"end":{"line":289,"column":null}},"57":{"start":{"line":295,"column":16},"end":{"line":295,"column":56}}},"fnMap":{"0":{"name":"(anonymous_0)","decl":{"start":{"line":37,"column":8},"end":{"line":37,"column":16}},"loc":{"start":{"line":37,"column":30},"end":{"line":39,"column":9}},"line":37},"1":{"name":"(anonymous_1)","decl":{"start":{"line":88,"column":8},"end":{"line":88,"column":16}},"loc":{"start":{"line":88,"column":30},"end":{"line":90,"column":null}},"line":88},"2":{"name":"(anonymous_2)","decl":{"start":{"line":95,"column":17},"end":{"line":95,"column":18}},"loc":{"start":{"line":95,"column":23},"end":{"line":95,"column":61}},"line":95},"3":{"name":"(anonymous_3)","decl":{"start":{"line":179,"column":38},"end":{"line":179,"column":39}},"loc":{"start":{"line":179,"column":46},"end":{"line":179,"column":68}},"line":179},"4":{"name":"(anonymous_4)","decl":{"start":{"line":180,"column":34},"end":{"line":180,"column":35}},"loc":{"start":{"line":180,"column":42},"end":{"line":180,"column":64}},"line":180},"5":{"name":"(anonymous_5)","decl":{"start":{"line":181,"column":34},"end":{"line":181,"column":35}},"loc":{"start":{"line":181,"column":42},"end":{"line":181,"column":64}},"line":181},"6":{"name":"(anonymous_6)","decl":{"start":{"line":183,"column":26},"end":{"line":183,"column":31}},"loc":{"start":{"line":183,"column":48},"end":{"line":214,"column":1}},"line":183},"7":{"name":"(anonymous_7)","decl":{"start":{"line":216,"column":27},"end":{"line":216,"column":32}},"loc":{"start":{"line":216,"column":48},"end":{"line":291,"column":1}},"line":216}},"branchMap":{"0":{"loc":{"start":{"line":179,"column":46},"end":{"line":179,"column":68}},"type":"cond-expr","locations":[{"start":{"line":179,"column":60},"end":{"line":179,"column":64}},{"start":{"line":179,"column":67},"end":{"line":179,"column":68}}],"line":179},"1":{"loc":{"start":{"line":180,"column":42},"end":{"line":180,"column":64}},"type":"cond-expr","locations":[{"start":{"line":180,"column":56},"end":{"line":180,"column":60}},{"start":{"line":180,"column":63},"end":{"line":180,"column":64}}],"line":180},"2":{"loc":{"start":{"line":181,"column":42},"end":{"line":181,"column":64}},"type":"cond-expr","locations":[{"start":{"line":181,"column":56},"end":{"line":181,"column":60}},{"start":{"line":181,"column":63},"end":{"line":181,"column":64}}],"line":181},"3":{"loc":{"start":{"line":185,"column":4},"end":{"line":187,"column":null}},"type":"if","locations":[{"start":{"line":185,"column":4},"end":{"line":187,"column":null}},{"start":{},"end":{}}],"line":185},"4":{"loc":{"start":{"line":190,"column":4},"end":{"line":211,"column":null}},"type":"if","locations":[{"start":{"line":190,"column":4},"end":{"line":211,"column":null}},{"start":{},"end":{}}],"line":190},"5":{"loc":{"start":{"line":190,"column":8},"end":{"line":190,"column":42}},"type":"binary-expr","locations":[{"start":{"line":190,"column":8},"end":{"line":190,"column":25}},{"start":{"line":190,"column":29},"end":{"line":190,"column":42}}],"line":190},"6":{"loc":{"start":{"line":202,"column":12},"end":{"line":207,"column":null}},"type":"if","locations":[{"start":{"line":202,"column":12},"end":{"line":207,"column":null}},{"start":{},"end":{}}],"line":202},"7":{"loc":{"start":{"line":223,"column":8},"end":{"line":241,"column":null}},"type":"if","locations":[{"start":{"line":223,"column":8},"end":{"line":241,"column":null}},{"start":{},"end":{}}],"line":223},"8":{"loc":{"start":{"line":225,"column":12},"end":{"line":240,"column":null}},"type":"if","locations":[{"start":{"line":225,"column":12},"end":{"line":240,"column":null}},{"start":{},"end":{}}],"line":225},"9":{"loc":{"start":{"line":226,"column":16},"end":{"line":232,"column":null}},"type":"if","locations":[{"start":{"line":226,"column":16},"end":{"line":232,"column":null}},{"start":{},"end":{}}],"line":226},"10":{"loc":{"start":{"line":237,"column":37},"end":{"line":237,"column":71}},"type":"binary-expr","locations":[{"start":{"line":237,"column":37},"end":{"line":237,"column":58}},{"start":{"line":237,"column":62},"end":{"line":237,"column":71}}],"line":237},"11":{"loc":{"start":{"line":244,"column":8},"end":{"line":287,"column":null}},"type":"if","locations":[{"start":{"line":244,"column":8},"end":{"line":287,"column":null}},{"start":{},"end":{}}],"line":244},"12":{"loc":{"start":{"line":245,"column":12},"end":{"line":271,"column":null}},"type":"if","locations":[{"start":{"line":245,"column":12},"end":{"line":271,"column":null}},{"start":{},"end":{}}],"line":245},"13":{"loc":{"start":{"line":247,"column":16},"end":{"line":270,"column":null}},"type":"if","locations":[{"start":{"line":247,"column":16},"end":{"line":270,"column":null}},{"start":{},"end":{}}],"line":247},"14":{"loc":{"start":{"line":249,"column":20},"end":{"line":255,"column":null}},"type":"if","locations":[{"start":{"line":249,"column":20},"end":{"line":255,"column":null}},{"start":{},"end":{}}],"line":249},"15":{"loc":{"start":{"line":249,"column":24},"end":{"line":249,"column":97}},"type":"binary-expr","locations":[{"start":{"line":249,"column":24},"end":{"line":249,"column":53}},{"start":{"line":249,"column":57},"end":{"line":249,"column":97}}],"line":249},"16":{"loc":{"start":{"line":258,"column":44},"end":{"line":258,"column":86}},"type":"cond-expr","locations":[{"start":{"line":258,"column":68},"end":{"line":258,"column":74}},{"start":{"line":258,"column":77},"end":{"line":258,"column":86}}],"line":258},"17":{"loc":{"start":{"line":263,"column":20},"end":{"line":269,"column":null}},"type":"if","locations":[{"start":{"line":263,"column":20},"end":{"line":269,"column":null}},{"start":{},"end":{}}],"line":263},"18":{"loc":{"start":{"line":274,"column":12},"end":{"line":286,"column":null}},"type":"if","locations":[{"start":{"line":274,"column":12},"end":{"line":286,"column":null}},{"start":{},"end":{}}],"line":274},"19":{"loc":{"start":{"line":276,"column":16},"end":{"line":285,"column":null}},"type":"if","locations":[{"start":{"line":276,"column":16},"end":{"line":285,"column":null}},{"start":{},"end":{}}],"line":276},"20":{"loc":{"start":{"line":279,"column":24},"end":{"line":283,"column":42}},"type":"cond-expr","locations":[{"start":{"line":280,"column":30},"end":{"line":280,"column":null}},{"start":{"line":281,"column":30},"end":{"line":283,"column":42}}],"line":279},"21":{"loc":{"start":{"line":281,"column":30},"end":{"line":283,"column":42}},"type":"cond-expr","locations":[{"start":{"line":282,"column":34},"end":{"line":282,"column":null}},{"start":{"line":283,"column":34},"end":{"line":283,"column":42}}],"line":281}},"s":{"0":1,"1":0,"2":0,"3":1,"4":1,"5":0,"6":1,"7":0,"8":1,"9":0,"10":1,"11":0,"12":0,"13":0,"14":0,"15":0,"16":0,"17":0,"18":0,"19":0,"20":0,"21":0,"22":1,"23":0,"24":0,"25":0,"26":0,"27":0,"28":0,"29":0,"30":0,"31":0,"32":0,"33":0,"34":0,"35":0,"36":0,"37":0,"38":0,"39":0,"40":0,"41":0,"42":0,"43":0,"44":0,"45":0,"46":0,"47":0,"48":0,"49":0,"50":0,"51":0,"52":0,"53":0,"54":0,"55":0,"56":0,"57":1},"f":{"0":1,"1":1,"2":1,"3":0,"4":0,"5":0,"6":0,"7":0},"b":{"0":[0,0],"1":[0,0],"2":[0,0],"3":[0,0],"4":[0,0],"5":[0,0],"6":[0,0],"7":[0,0],"8":[0,0],"9":[0,0],"10":[0,0],"11":[0,0],"12":[0,0],"13":[0,0],"14":[0,0],"15":[0,0],"16":[0,0],"17":[0,0],"18":[0,0],"19":[0,0],"20":[0,0],"21":[0,0]},"meta":{"lastBranch":22,"lastFunction":8,"lastStatement":58,"seen":{"s:3:22:177:2":0,"f:37:8:37:16":0,"s:38:12:38:Infinity":1,"f:88:8:88:16":1,"s:89:12:89:Infinity":2,"f:95:17:95:18":2,"s:95:23:95:61":3,"s:179:0:179:Infinity":4,"f:179:38:179:39":3,"s:179:46:179:68":5,"b:179:60:179:64:179:67:179:68":0,"s:180:0:180:Infinity":6,"f:180:34:180:35":4,"s:180:42:180:64":7,"b:180:56:180:60:180:63:180:64":1,"s:181:0:181:Infinity":8,"f:181:34:181:35":5,"s:181:42:181:64":9,"b:181:56:181:60:181:63:181:64":2,"s:183:0:214:Infinity":10,"f:183:26:183:31":6,"b:185:4:187:Infinity:undefined:undefined:undefined:undefined":3,"s:185:4:187:Infinity":11,"s:186:8:186:Infinity":12,"b:190:4:211:Infinity:undefined:undefined:undefin
[...]
e":252,"column":8},"end":{"line":256,"column":null}},"105":{"start":{"line":260,"column":16},"end":{"line":260,"column":38}},"106":{"start":{"line":261,"column":4},"end":{"line":263,"column":null}},"107":{"start":{"line":262,"column":8},"end":{"line":262,"column":null}},"108":{"start":{"line":265,"column":4},"end":{"line":265,"column":null}},"109":{"start":{"line":266,"column":4},"end":{"line":266,"column":null}}},"fnMap":{"0":{"name":"(anonymous_0)","decl":{"start":{"line":12,"column":26},"end":{"line":12,"column":27}},"loc":{"start":{"line":12,"column":37},"end":{"line":15,"column":1}},"line":12},"1":{"name":"(anonymous_1)","decl":{"start":{"line":31,"column":31},"end":{"line":31,"column":32}},"loc":{"start":{"line":31,"column":42},"end":{"line":107,"column":1}},"line":31},"2":{"name":"(anonymous_2)","decl":{"start":{"line":116,"column":40},"end":{"line":116,"column":41}},"loc":{"start":{"line":116,"column":51},"end":{"line":136,"column":1}},"line":116},"3":{"name":"(anonymous_3)","decl":{"start":{"line":139,"column":27},"end":{"line":139,"column":28}},"loc":{"start":{"line":139,"column":57},"end":{"line":143,"column":1}},"line":139},"4":{"name":"firstName","decl":{"start":{"line":148,"column":16},"end":{"line":148,"column":25}},"loc":{"start":{"line":148,"column":32},"end":{"line":152,"column":null}},"line":148},"5":{"name":"(anonymous_5)","decl":{"start":{"line":157,"column":44},"end":{"line":157,"column":45}},"loc":{"start":{"line":157,"column":51},"end":{"line":157,"column":72}},"line":157},"6":{"name":"(anonymous_6)","decl":{"start":{"line":159,"column":28},"end":{"line":159,"column":29}},"loc":{"start":{"line":159,"column":39},"end":{"line":163,"column":1}},"line":159},"7":{"name":"(anonymous_7)","decl":{"start":{"line":162,"column":30},"end":{"line":162,"column":31}},"loc":{"start":{"line":162,"column":38},"end":{"line":162,"column":53}},"line":162},"8":{"name":"(anonymous_8)","decl":{"start":{"line":169,"column":28},"end":{"line":169,"column":29}},"loc":{"start":{"line":169,"column":39},"end":{"line":197,"column":1}},"line":169},"9":{"name":"(anonymous_9)","decl":{"start":{"line":206,"column":39},"end":{"line":206,"column":40}},"loc":{"start":{"line":206,"column":50},"end":{"line":267,"column":1}},"line":206}},"branchMap":{"0":{"loc":{"start":{"line":13,"column":4},"end":{"line":13,"column":null}},"type":"if","locations":[{"start":{"line":13,"column":4},"end":{"line":13,"column":null}},{"start":{},"end":{}}],"line":13},"1":{"loc":{"start":{"line":32,"column":4},"end":{"line":32,"column":null}},"type":"if","locations":[{"start":{"line":32,"column":4},"end":{"line":32,"column":null}},{"start":{},"end":{}}],"line":32},"2":{"loc":{"start":{"line":32,"column":8},"end":{"line":32,"column":45}},"type":"binary-expr","locations":[{"start":{"line":32,"column":8},"end":{"line":32,"column":14}},{"start":{"line":32,"column":18},"end":{"line":32,"column":45}}],"line":32},"3":{"loc":{"start":{"line":35,"column":4},"end":{"line":35,"column":null}},"type":"if","locations":[{"start":{"line":35,"column":4},"end":{"line":35,"column":null}},{"start":{},"end":{}}],"line":35},"4":{"loc":{"start":{"line":41,"column":4},"end":{"line":43,"column":null}},"type":"if","locations":[{"start":{"line":41,"column":4},"end":{"line":43,"column":null}},{"start":{},"end":{}}],"line":41},"5":{"loc":{"start":{"line":46,"column":4},"end":{"line":48,"column":null}},"type":"if","locations":[{"start":{"line":46,"column":4},"end":{"line":48,"column":null}},{"start":{},"end":{}}],"line":46},"6":{"loc":{"start":{"line":51,"column":4},"end":{"line":53,"column":null}},"type":"if","locations":[{"start":{"line":51,"column":4},"end":{"line":53,"column":null}},{"start":{},"end":{}}],"line":51},"7":{"loc":{"start":{"line":62,"column":4},"end":{"line":98,"column":null}},"type":"if","locations":[{"start":{"line":62,"column":4},"end":{"line":98,"column":null}},{"start":{"line":77,"column":11},"end":{"line":98,"column":null}}],"line":62},"8":{"loc":{"start":{"line":69,"column":8},"end":{"line":76,"column":null}},"type":"if","locations":[{"start":{"line":69,"column":8},"end":{"line":76,"column":null}},{"start":{"line":72,"column":15},"end":{"line":76,"column":null}}],"line":69},"9":{"loc":{"start":{"line":72,"column":15},"end":{"line":76,"column":null}},"type":"if","locations":[{"start":{"line":72,"column":15},"end":{"line":76,"column":null}},{"start":{},"end":{}}],"line":72},"10":{"loc":{"start":{"line":72,"column":19},"end":{"line":72,"column":69}},"type":"binary-expr","locations":[{"start":{"line":72,"column":19},"end":{"line":72,"column":42}},{"start":{"line":72,"column":46},"end":{"line":72,"column":69}}],"line":72},"11":{"loc":{"start":{"line":77,"column":11},"end":{"line":98,"column":null}},"type":"if","locations":[{"start":{"line":77,"column":11},"end":{"line":98,"column":null}},{"start":{"line":80,"column":11},"end":{"line":98,"column":null}}],"line":77},"12":{"loc":{"start":{"line":80,"column":11},"end":{"line":98,"column":null}},"type":"if","locations":[{"start":{"line":80,"column":11},"end":{"line":98,"column":null}},{"start":{"line":85,"column":11},"end":{"line":98,"column":null}}],"line":80},"13":{"loc":{"start":{"line":80,"column":15},"end":{"line":80,"column":53}},"type":"binary-expr","locations":[{"start":{"line":80,"column":15},"end":{"line":80,"column":30}},{"start":{"line":80,"column":34},"end":{"line":80,"column":53}}],"line":80},"14":{"loc":{"start":{"line":85,"column":11},"end":{"line":98,"column":null}},"type":"if","locations":[{"start":{"line":85,"column":11},"end":{"line":98,"column":null}},{"start":{},"end":{}}],"line":85},"15":{"loc":{"start":{"line":85,"column":15},"end":{"line":85,"column":53}},"type":"binary-expr","locations":[{"start":{"line":85,"column":15},"end":{"line":85,"column":30}},{"start":{"line":85,"column":34},"end":{"line":85,"column":53}}],"line":85},"16":{"loc":{"start":{"line":91,"column":8},"end":{"line":97,"column":null}},"type":"if","locations":[{"start":{"line":91,"column":8},"end":{"line":97,"column":null}},{"start":{"line":94,"column":15},"end":{"line":97,"column":null}}],"line":91},"17":{"loc":{"start":{"line":91,"column":12},"end":{"line":91,"column":54}},"type":"binary-expr","locations":[{"start":{"line":91,"column":12},"end":{"line":91,"column":31}},{"start":{"line":91,"column":35},"end":{"line":91,"column":54}}],"line":91},"18":{"loc":{"start":{"line":101,"column":4},"end":{"line":104,"column":null}},"type":"if","locations":[{"start":{"line":101,"column":4},"end":{"line":104,"column":null}},{"start":{},"end":{}}],"line":101},"19":{"loc":{"start":{"line":101,"column":8},"end":{"line":101,"column":38}},"type":"binary-expr","locations":[{"start":{"line":101,"column":8},"end":{"line":101,"column":21}},{"start":{"line":101,"column":25},"end":{"line":101,"column":38}}],"line":101},"20":{"loc":{"start":{"line":117,"column":4},"end":{"line":117,"column":null}},"type":"if","locations":[{"start":{"line":117,"column":4},"end":{"line":117,"column":null}},{"start":{},"end":{}}],"line":117},"21":{"loc":{"start":{"line":119,"column":4},"end":{"line":119,"column":null}},"type":"if","locations":[{"start":{"line":119,"column":4},"end":{"line":119,"column":null}},{"start":{},"end":{}}],"line":119},"22":{"loc":{"start":{"line":122,"column":4},"end":{"line":124,"column":null}},"type":"if","locations":[{"start":{"line":122,"column":4},"end":{"line":124,"column":null}},{"start":{},"end":{}}],"line":122},"23":{"loc":{"start":{"line":128,"column":4},"end":{"line":130,"column":null}},"type":"if","locations":[{"start":{"line":128,"column":4},"end":{"line":130,"column":null}},{"start":{},"end":{}}],"line":128},"24":{"loc":{"start":{"line":128,"column":8},"end":{"line":128,"column":39}},"type":"binary-expr","locations":[{"start":{"line":128,"column":8},"end":{"line":128,"column":23}},{"start":{"line":128,"column":27},"end":{"line":128,"column":39}}],"line":128},"25":{"loc":{"start":{"line":133,"column":4},"end":{"line":133,"column":null}},"type":"if","locations":[{"start":{"line":133,"column":4},"end":{"line":133,"column":null}},{"start":{},"end":{}}],"line":133},"26":{"loc":{"start":{"line":139,"column":35},"end":{"line":139,"column":42}},"type":"default-arg","locations":[{"start":{"line":139,"column":41},"end":{"line":139,"column":42}}],"line":139},"27":{"loc":{"start":{"line":139,"column":44},"end":{"line":139,"column":52}},"type":"default-arg","locations":[{"start":{"line":139,"column":50},"end":{"line":139,"column":52}}],"line":139},"28":{"loc":{"start":{"line":149,"column":4},"end":{"line":149,"column":null}},"type":"if","locations":[{"start":{"line":149,"column":4},"end":{"line":149,"column":null}},{"start":{},"end":{}}],"line":149},"29":{"loc":{"start":{"line":149,"column":8},"end":{"line":149,"column":41}},"type":"binary-expr","locations":[{"start":{"line":149,"column":8},"end":{"line":149,"column":13}},{"start":{"line":149,"column":17},"end":{"line":149,"column":41}}],"line":149},"30":{"loc":{"start":{"line":151,"column":11},"end":{"line":151,"column":24}},"type":"binary-expr","locations":[{"start":{"line":151,"column":11},"end":{"line":151,"column":15}},{"start":{"line":151,"column":19},"end":{"line":151,"column":24}}],"line":151},"31":{"loc":{"start":{"line":161,"column":4},"end":{"line":161,"column":null}},"type":"if","locations":[{"start":{"line":161,"column":4},"end":{"line":161,"column":null}},{"start":{},"end":{}}],"line":161},"32":{"loc":{"start":{"line":172,"column":4},"end":{"line":174,"column":null}},"type":"if","locations":[{"start":{"line":172,"column":4},"end":{"line":174,"column":null}},{"start":{},"end":{}}],"line":172},"33":{"loc":{"start":{"line":177,"column":4},"end":{"line":179,"column":null}},"type":"if","locations":[{"start":{"line":177,"column":4},"end":{"line":179,"column":null}},{"start":{},"end":{}}],"line":177},"34":{"loc":{"start":{"line":182,"column":4},"end":{"line":188,"column":null}},"type":"if","locations":[{"start":{"line":182,"column":4},"end":{"line":188,"column":null}},{"start":{},"end":{}}],"line":182},"35":{"loc":{"start":{"line":182,"column":8},"end":{"line":182,"column":60}},"type":"binary-expr","locations":[{"start":{"line":182,"column":8},"end":{"line":182,"column":32}},{"start":{"line":182,"column":36},"end":{"line":182,"column":60}}],"line":182},"36":{"loc":{"start":{"line":192,"column":4},"end":{"line":194,"column":null}},"type":"if","locations":[{"start":{"line":192,"column":4},"end":{"line":194,"column":null}},{"start":{},"end":{}}],"line":192},"37":{"loc":{"start":{"line":192,"column":8},"end":{"line":192,"column":48}},"type":"binary-expr","locations":[{"start":{"line":192,"column":8},"end":{"line":192,"column":26}},{"start":{"line":192,"column":30},"end":{"line":192,"column":48}}],"line":192},"38":{"loc":{"start":{"line":207,"column":4},"end":{"line":209,"column":null}},"type":"if","locations":[{"start":{"line":207,"column":4},"end":{"line":209,"column":null}},{"start":{},"end":{}}],"line":207},"39":{"loc":{"start":{"line":220,"column":4},"end":{"line":227,"column":null}},"type":"if","locations":[{"start":{"line":220,"column":4},"end":{"line":227,"column":null}},{"start":{},"end":{}}],"line":220},"40":{"loc":{"start":{"line":222,"column":8},"end":{"line":226,"column":null}},"type":"if","locations":[{"start":{"line":222,"column":8},"end":{"line":226,"column":null}},{"start":{"line":224,"column":15},"end":{"line":226,"column":null}}],"line":222},"41":{"loc":{"start":{"line":230,"column":4},"end":{"line":232,"column":null}},"type":"if","locations":[{"start":{"line":230,"column":4},"end":{"line":232,"column":null}},{"start":{},"end":{}}],"line":230},"42":{"loc":{"start":{"line":237,"column":4},"end":{"line":248,"column":null}},"type":"if","locations":[{"start":{"line":237,"column":4},"end":{"line":248,"column":null}},{"start":{},"end":{}}],"line":237},"43":{"loc":{"start":{"line":243,"column":8},"end":{"line":247,"column":null}},"type":"if","locations":[{"start":{"line":243,"column":8},"end":{"line":247,"column":null}},{"start":{},"end":{}}],"line":243},"44":{"loc":{"start":{"line":243,"column":12},"end":{"line":243,"column":57}},"type":"binary-expr","locations":[{"start":{"line":243,"column":12},"end":{"line":243,"column":34}},{"start":{"line":243,"column":38},"end":{"line":243,"column":57}}],"line":243},"45":{"loc":{"start":{"line":251,"column":4},"end":{"line":257,"column":null}},"type":"if","locations":[{"start":{"line":251,"column":4},"end":{"line":257,"column":null}},{"start":{},"end":{}}],"line":251},"46":{"loc":{"start":{"line":251,"column":8},"end":{"line":251,"column":52}},"type":"binary-expr","locations":[{"start":{"line":251,"column":8},"end":{"line":251,"column":28}},{"start":{"line":251,"column":32},"end":{"line":251,"column":52}}],"line":251},"47":{"loc":{"start":{"line":261,"column":4},"end":{"line":263,"column":null}},"type":"if","locations":[{"start":{"line":261,"column":4},"end":{"line":263,"column":null}},{"start":{},"end":{}}],"line":261},"48":{"loc":{"start":{"line":261,"column":8},"end":{"line":261,"column":48}},"type":"binary-expr","locations":[{"start":{"line":261,"column":8},"end":{"line":261,"column":26}},{"start":{"line":261,"column":30},"end":{"line":261,"column":48}}],"line":261}},"s":{"0":1,"1":1,"2":4,"3":0,"4":4,"5":1,"6":0,"7":0,"8":0,"9":0,"10":0,"11":0,"12":0,"13":0,"14":0,"15":0,"16":0,"17":0,"18":0,"19":0,"20":0,"21":0,"22":0,"23":0,"24":0,"25":0,"26":0,"27":0,"28":0,"29":0,"30":0,"31":0,"32":0,"33":0,"34":0,"35":0,"36":0,"37":0,"38":0,"39":0,"40":0,"41":0,"42":0,"43":0,"44":1,"45":0,"46":0,"47":0,"48":0,"49":0,"50":0,"51":0,"52":0,"53":0,"54":0,"55":0,"56":0,"57":1,"58":4,"59":4,"60":4,"61":0,"62":0,"63":0,"64":0,"65":1,"66":4,"67":1,"68":0,"69":0,"70":0,"71":0,"72":0,"73":1,"74":0,"75":0,"76":0,"77":0,"78":0,"79":0,"80":0,"81":0,"82":0,"83":0,"84":0,"85":1,"86":0,"87":0,"88":0,"89":0,"90":0,"91":0,"92":0,"93":0,"94":0,"95":0,"96":0,"97":0,"98":0,"99":0,"100":0,"101":0,"102":0,"103":0,"104":0,"105":0,"106":0,"107":0,"108":0,"109":0},"f":{"0":4,"1":0,"2":0,"3":4,"4":0,"5":4,"6":0,"7":0,"8":0,"9":0},"b":{"0":[0,4],"1":[0,0],"2":[0,0],"3":[0,0],"4":[0,0],"5":[0,0],"6":[0,0],"7":[0,0],"8":[0,0],"9":[0,0],"10":[0,0],"11":[0,0],"12":[0,0],"13":[0,0],"14":[0,0],"15":[0,0],"16":[0,0],"17":[0,0],"18":[0,0],"19":[0,0],"20":[0,0],"21":[0,0],"22":[0,0],"23":[0,0],"24":[0,0],"25":[0,0],"26":[4],"27":[4],"28":[0,0],"29":[0,0],"30":[0,0],"31":[0,0],"32":[0,0],"33":[0,0],"34":[0,0],"35":[0,0],"36":[0,0],"37":[0,0],"38":[0,0],"39":[0,0],"40":[0,0],"41":[0,0],"42":[0,0],"43":[0,0],"44":[0,0],"45":[0,0],"46":[0,0],"47":[0,0],"48":[0,0]},"meta":{"lastBranch":49,"lastFunction":10,"lastStatement":110,"seen":{"s:4:26:9:1":0,"s:12:26:15:1":1,"f:12:26:12:27":0,"b:13:4:13:Infinity:undefined:undefined:undefined:undefined":0,"s:13:4:13:Infinity":2,"s:13:16:13:Infinity":3,"s:14:4:14:Infinity":4,"s:31:31:107:1":5,"f:31:31:31:32":1,"b:32:4:32:Infinity:undefined:undefined:undefined:undefined":1,"s:32:4:32:Infinity":6,"b:32:8:32:14:32:18:32:45":2,"s:32:47:32:Infinity":7,"s:34:12:34:29":8,"b:35:4:35:Infinity:undefined:undefined:undefined:undefined":3,"s:35:4:35:Infinity":9,"s:35:12:35:Infinity":10,"s:38:4:38:Infinity":11,"b:41:4:43:Infinity:undefined:undefined:undefined:undefined":4,"s:41:4:43:Infinity":12,"s:42:8:42:Infinity":13,"b:46:4:48:Infinity:undefined:undefined:undefined:undefined":5,"s:46:4:48:Infinity":14,"s:47:8:47:Infinity":15,"b:51:4:53:Infinity:undefined:undefined:undefined:undefined":6,"s:51:4:53:Infinity":16,"s:52:8:52:Infinity":17,"b:62:4:98:Infinity:77:11:98:Infinity":7,"s:62:4:98:Infinity":18,"s:64:20:64:37":19,"s:65:23:65:37":20,"b:69:8:76:Infinity:72:15:76:Infinity":8,"s:69:8:76:Infinity":21,"s:70:12:70:36":22,"s:71:12:71:Infinity":23,"b:72:15:76:Infinity:undefined:undefined:undefined:undefined":9,"s:72:15:76:Infinity":24,"b:72:19:72:42:72:46:72:69":10,"s:74:12:74:Infinity":25,"s:75:12:75:Infinity":26,"b:77:11:98:Infinity:80:11:98:Infinity":11,"s:77:11:98:Infinity":27,"s:79:8:79:Infinity":28,"b:80:11:98:Infinity:85:11:98:Infinity":12,"s:80:11:98:Infinity":29,"b:80:15:80:30:80:34:80:53":13,"s:83:8:83:Infinity":30,"s:84:8:84:Infinity":31,"b:85:11:98:Infinity:undefined:undefined:undefined:undefined":14,"s:85:11:98:Infinity":32,"b:85:15:85:30:85:34:85:53":15,"s:87:20:87:37":33,"s:88:23:88:37":34,"s:89:31:89:57":35,"b:91:8:97:Infinity:94:15:97:Infinity":16,"s:91:8:97:Infinity":36,"b:91:12:91:31:91:35:91:54":17,"s:92:12:92:Infinity":37,"s:93:12:93:Infinity":38,"s:95:12:95:Infinity":39,"s:96:12:96:Infinity":40,"b:101:4:104:Infinity:undefined:undefined:undefined:undefined":18,"s:101:4:104:Infinity":41,"b:101:8:101:21:101:25:101:38":19,"s:102:8:102:Infinity":42,"s:106:4:106:Infinity":43,"s:116:40:136:1":44,"f:116:40:116:41":2,"b:117:4:117:Infinity:undefined:undefined:undefined:undefined":20,"s:117:4:117:Infinity":45,"s:117:16:117:Infinity":46,"s:118:12:118:29":47,"b:119:4:119:Infinity:undefined:undefined:undefined:undefined":21,"s:119:4:119:Infinity":48,"s:119:12:119:Infinity":49,"b:122:4:124:Infinity:undefined:undefined:undefined:undefined":22,"s:122:4:124:Infinity":50,"s:123:8:123:Infinity":51,"b:128:4:130:Infinity:undefined:undefined:undefined:undefined":23,"s:128:4:130:Infinity":52,"b:128:8:128:23:128:27:128:39":24,"s:129:8:129:39":53,"b:133:4:133:Infinity:undefined:undefined:undefined:undefined":25,"s:133:4:133:Infinity":54,"s:133:22:133:Infinity":55,"s:135:4:135:Infinity":56,"s:139:27:143:1":57,"f:139:27:139:28":3,"b:139:41:139:42":26,"b:139:50:139:52":27,"s:140:19:140:36":58,"s:141:17:141:35":59,"s:142:4:142:Infinity":60,"f:148:16:148:25":4,"b:149:4:149:Infinity:undefined:undefined:undefined:undefined":28,"s:149:4:149:Infinity":61,"b:149:8:149:13:149:17:149:41":29,"s:149:43:149:Infinity":62,"s:150:17:150:44":63,"s:151:4:151:Infinity":64,"b:151:11:151:15:151:19:151:24":30,"s:157:22:157:73":65,"f:157:44:157:45":5,"s:157:51:157:72":66,"s:159:28:163:1":67,"f:159:28:159:29":6,"s:160:19:160:36":68,"b:161:4:161:Infinity:undefined:undefined:undefined:undefined":31,"s:161:4:161:Infinity":69,"s:161:17:161:Infinity":70,"s:162:4:162:Infinity":71,"f:162:30:162:31":7,"s:162:38:162:53":72,"s:169:28:197:1":73,"f:169:28:169:29":8,"s:170:23:170:45":74,"b:172:4:174:Infinity:undefined:undefined:undefined:undefined":32,"s:172:4:174:Infinity":75,"s:173:8:173:Infinity":76,"b:177:4:179:Infinity:undefined:undefined:undefined:undefined":33,"s:177:4:179:Infinity":77,"s:178:8:178:Infinity":78,"b:182:4:188:Infinity:undefined:undefined:undefined:undefined":34,"s:182:4:188:Infinity":79,"b:182:8:182:32:182:36:182:60":35,"s:183:8:187:Infinity":80,"s:191:16:191:42":81,"b:192:4:194:Infinity:undefined:undefined:undefined:undefined":36,"s:192:4:194:Infinity":82,"b:192:8:192:26:192:30:192:48":37,"s:193:8:193:Infinity":83,"s:196:4:196:Infinity":84,"s:206:39:267:1":85,"f:206:39:206:40":9,"b:207:4:209:Infinity:undefined:undefined:undefined:undefined":38,"s:207:4:209:Infinity":86,"s:208:8:208:Infinity":87,"s:211:19:211:39":88,"s:214:17:214:44":89,"s:217:4:217:Infinity":90,"b:220:4:227:Infinity:undefined:undefined:undefined:undefined":39,"s:220:4:227:Infinity":91,"b:222:8:226:Infinity:224:15:226:Infinity":40,"s:222:8:226:Infinity":92,"s:223:12:223:Infinity":93,"s:225:12:225:Infinity":94,"b:230:4:232:Infinity:undefined:undefined:undefined:undefined":41,"s:230:4:232:Infinity":95,"s:231:8:231:Infinity":96,"b:237:4:248:Infinity:undefined:undefined:undefined:undefined":42,"s:237:4:248:Infinity":97,"s:239:20:239:42":98,"s:240:22:240:41":99,"b:243:8:247:Infinity:undefined:undefined:undefined:undefined":43,"s:243:8:247:Infinity":100,"b:243:12:243:34:243:38:243:57":44,"s:245:12:245:Infinity":101,"s:246:12:246:Infinity":102,"b:251:4:257:Infinity:undefined:undefined:undefined:undefined":45,"s:251:4:257:Infinity":103,"b:251:8:251:28:251:32:251:52":46,"s:252:8:256:Infinity":104,"s:260:16:260:38":105,"b:261:4:263:Infinity:undefined:undefined:undefined:undefined":47,"s:261:4:263:Infinity":106,"b:261:8:261:26:261:30:261:48":48,"s:262:8:262:Infinity":107,"s:265:4:265:Infinity":108,"s:266:4:266:Infinity":109}}}
}
